<?xml version="1.0" encoding="UTF-8"?>
<coverage generated="1706562271230" clover="3.2.0">
  <project timestamp="1706562271231" name="All files">
    <metrics statements="266" coveredstatements="207" conditionals="142" coveredconditionals="105" methods="85" coveredmethods="63" elements="493" coveredelements="375" complexity="0" loc="266" ncloc="266" packages="7" files="14" classes="14"/>
    <package name="src">
      <metrics statements="9" coveredstatements="8" conditionals="8" coveredconditionals="4" methods="4" coveredmethods="3"/>
      <file name="App.tsx" path="C:\Users\iqles\OneDrive\Рабочий стол\rock star\todolist\src\App.tsx">
        <metrics statements="9" coveredstatements="8" conditionals="8" coveredconditionals="4" methods="4" coveredmethods="3"/>
        <line num="11" count="1" type="stmt"/>
        <line num="12" count="1" type="stmt"/>
        <line num="14" count="1" type="stmt"/>
        <line num="15" count="1" type="cond" truecount="1" falsecount="1"/>
        <line num="16" count="1" type="cond" truecount="1" falsecount="1"/>
        <line num="17" count="1" type="stmt"/>
        <line num="21" count="0" type="stmt"/>
        <line num="25" count="1" type="stmt"/>
        <line num="34" count="1" type="stmt"/>
      </file>
    </package>
    <package name="src.ai">
      <metrics statements="0" coveredstatements="0" conditionals="0" coveredconditionals="0" methods="0" coveredmethods="0"/>
      <file name="AIUI.tsx" path="C:\Users\iqles\OneDrive\Рабочий стол\rock star\todolist\src\ai\AIUI.tsx">
        <metrics statements="0" coveredstatements="0" conditionals="0" coveredconditionals="0" methods="0" coveredmethods="0"/>
      </file>
    </package>
    <package name="src.components">
      <metrics statements="66" coveredstatements="47" conditionals="31" coveredconditionals="24" methods="18" coveredmethods="15"/>
      <file name="TodoItem.tsx" path="C:\Users\iqles\OneDrive\Рабочий стол\rock star\todolist\src\components\TodoItem.tsx">
        <metrics statements="66" coveredstatements="47" conditionals="31" coveredconditionals="24" methods="18" coveredmethods="15"/>
        <line num="13" count="2" type="stmt"/>
        <line num="14" count="24" type="stmt"/>
        <line num="22" count="23" type="stmt"/>
        <line num="24" count="23" type="stmt"/>
        <line num="25" count="23" type="stmt"/>
        <line num="26" count="23" type="stmt"/>
        <line num="27" count="23" type="stmt"/>
        <line num="28" count="23" type="stmt"/>
        <line num="29" count="23" type="stmt"/>
        <line num="31" count="23" type="stmt"/>
        <line num="32" count="23" type="stmt"/>
        <line num="33" count="23" type="stmt"/>
        <line num="35" count="23" type="stmt"/>
        <line num="36" count="23" type="stmt"/>
        <line num="39" count="23" type="stmt"/>
        <line num="44" count="23" type="stmt"/>
        <line num="47" count="23" type="stmt"/>
        <line num="48" count="1" type="stmt"/>
        <line num="51" count="23" type="stmt"/>
        <line num="52" count="0" type="stmt"/>
        <line num="54" count="0" type="cond" truecount="0" falsecount="2"/>
        <line num="55" count="0" type="stmt"/>
        <line num="56" count="0" type="stmt"/>
        <line num="57" count="0" type="stmt"/>
        <line num="58" count="0" type="stmt"/>
        <line num="60" count="0" type="stmt"/>
        <line num="63" count="23" type="cond" truecount="2" falsecount="0"/>
        <line num="65" count="23" type="stmt"/>
        <line num="66" count="1" type="cond" truecount="1" falsecount="1"/>
        <line num="69" count="23" type="stmt"/>
        <line num="70" count="2" type="stmt"/>
        <line num="73" count="23" type="stmt"/>
        <line num="74" count="0" type="stmt"/>
        <line num="75" count="0" type="cond" truecount="0" falsecount="2"/>
        <line num="76" count="0" type="stmt"/>
        <line num="77" count="0" type="stmt"/>
        <line num="78" count="0" type="stmt"/>
        <line num="79" count="0" type="stmt"/>
        <line num="81" count="0" type="stmt"/>
        <line num="85" count="23" type="stmt"/>
        <line num="86" count="1" type="stmt"/>
        <line num="87" count="1" type="stmt"/>
        <line num="88" count="1" type="stmt"/>
        <line num="89" count="1" type="stmt"/>
        <line num="90" count="1" type="stmt"/>
        <line num="91" count="1" type="stmt"/>
        <line num="92" count="1" type="stmt"/>
        <line num="93" count="1" type="stmt"/>
        <line num="94" count="1" type="stmt"/>
        <line num="97" count="23" type="stmt"/>
        <line num="98" count="1" type="stmt"/>
        <line num="100" count="23" type="stmt"/>
        <line num="101" count="0" type="stmt"/>
        <line num="102" count="0" type="stmt"/>
        <line num="103" count="0" type="stmt"/>
        <line num="104" count="0" type="stmt"/>
        <line num="105" count="0" type="stmt"/>
        <line num="108" count="23" type="stmt"/>
        <line num="109" count="4" type="stmt"/>
        <line num="111" count="23" type="stmt"/>
        <line num="118" count="2" type="stmt"/>
        <line num="135" count="1" type="stmt"/>
        <line num="153" count="1" type="stmt"/>
        <line num="158" count="1" type="stmt"/>
        <line num="164" count="1" type="stmt"/>
        <line num="171" count="2" type="stmt"/>
      </file>
      <file name="ztrash.jsx" path="C:\Users\iqles\OneDrive\Рабочий стол\rock star\todolist\src\components\ztrash.jsx">
        <metrics statements="0" coveredstatements="0" conditionals="0" coveredconditionals="0" methods="0" coveredmethods="0"/>
      </file>
    </package>
    <package name="src.components.sub">
      <metrics statements="20" coveredstatements="16" conditionals="6" coveredconditionals="4" methods="9" coveredmethods="6"/>
      <file name="SubTask.tsx" path="C:\Users\iqles\OneDrive\Рабочий стол\rock star\todolist\src\components\sub\SubTask.tsx">
        <metrics statements="10" coveredstatements="9" conditionals="4" coveredconditionals="2" methods="5" coveredmethods="4"/>
        <line num="11" count="3" type="stmt"/>
        <line num="12" count="8" type="stmt"/>
        <line num="13" count="6" type="stmt"/>
        <line num="15" count="6" type="stmt"/>
        <line num="16" count="0" type="stmt"/>
        <line num="19" count="6" type="stmt"/>
        <line num="20" count="2" type="stmt"/>
        <line num="23" count="6" type="stmt"/>
        <line num="26" count="6" type="stmt"/>
        <line num="32" count="2" type="stmt"/>
      </file>
      <file name="SubTaskSq.tsx" path="C:\Users\iqles\OneDrive\Рабочий стол\rock star\todolist\src\components\sub\SubTaskSq.tsx">
        <metrics statements="10" coveredstatements="7" conditionals="2" coveredconditionals="2" methods="4" coveredmethods="2"/>
        <line num="10" count="4" type="stmt"/>
        <line num="11" count="8" type="stmt"/>
        <line num="12" count="8" type="stmt"/>
        <line num="15" count="8" type="stmt"/>
        <line num="16" count="0" type="stmt"/>
        <line num="18" count="8" type="stmt"/>
        <line num="19" count="0" type="stmt"/>
        <line num="20" count="0" type="stmt"/>
        <line num="23" count="8" type="stmt"/>
        <line num="28" count="2" type="stmt"/>
      </file>
    </package>
    <package name="src.context">
      <metrics statements="106" coveredstatements="82" conditionals="62" coveredconditionals="41" methods="33" coveredmethods="23"/>
      <file name="ThemeContext.js" path="C:\Users\iqles\OneDrive\Рабочий стол\rock star\todolist\src\context\ThemeContext.js">
        <metrics statements="0" coveredstatements="0" conditionals="0" coveredconditionals="0" methods="0" coveredmethods="0"/>
      </file>
      <file name="TodoContext.tsx" path="C:\Users\iqles\OneDrive\Рабочий стол\rock star\todolist\src\context\TodoContext.tsx">
        <metrics statements="106" coveredstatements="82" conditionals="62" coveredconditionals="41" methods="33" coveredmethods="23"/>
        <line num="37" count="8" type="stmt"/>
        <line num="39" count="8" type="stmt"/>
        <line num="42" count="8" type="stmt"/>
        <line num="47" count="3" type="stmt"/>
        <line num="48" count="1" type="cond" truecount="1" falsecount="1"/>
        <line num="50" count="1" type="stmt"/>
        <line num="51" count="0" type="cond" truecount="0" falsecount="2"/>
        <line num="53" count="0" type="stmt"/>
        <line num="59" count="0" type="stmt"/>
        <line num="65" count="8" type="stmt"/>
        <line num="66" count="6" type="stmt"/>
        <line num="67" count="2" type="cond" truecount="3" falsecount="1"/>
        <line num="69" count="0" type="stmt"/>
        <line num="70" count="0" type="stmt"/>
        <line num="72" count="0" type="stmt"/>
        <line num="73" count="0" type="stmt"/>
        <line num="76" count="2" type="stmt"/>
        <line num="82" count="8" type="stmt"/>
        <line num="83" count="0" type="stmt"/>
        <line num="84" count="0" type="cond" truecount="0" falsecount="2"/>
        <line num="85" count="0" type="stmt"/>
        <line num="88" count="0" type="cond" truecount="0" falsecount="2"/>
        <line num="89" count="0" type="cond" truecount="0" falsecount="2"/>
        <line num="90" count="0" type="stmt"/>
        <line num="94" count="0" type="stmt"/>
        <line num="97" count="8" type="stmt"/>
        <line num="101" count="31" type="cond" truecount="9" falsecount="1"/>
        <line num="104" count="1" type="stmt"/>
        <line num="116" count="1" type="stmt"/>
        <line num="117" count="1" type="stmt"/>
        <line num="119" count="1" type="stmt"/>
        <line num="120" count="1" type="stmt"/>
        <line num="123" count="6" type="stmt"/>
        <line num="125" count="6" type="stmt"/>
        <line num="126" count="7" type="stmt"/>
        <line num="127" count="3" type="cond" truecount="2" falsecount="0"/>
        <line num="128" count="2" type="cond" truecount="4" falsecount="0"/>
        <line num="129" count="1" type="stmt"/>
        <line num="130" count="1" type="stmt"/>
        <line num="131" count="1" type="cond" truecount="3" falsecount="1"/>
        <line num="132" count="0" type="stmt"/>
        <line num="137" count="2" type="stmt"/>
        <line num="138" count="1" type="cond" truecount="3" falsecount="1"/>
        <line num="140" count="1" type="stmt"/>
        <line num="143" count="0" type="stmt"/>
        <line num="148" count="6" type="stmt"/>
        <line num="151" count="6" type="stmt"/>
        <line num="153" count="6" type="stmt"/>
        <line num="156" count="17" type="stmt"/>
        <line num="160" count="1" type="stmt"/>
        <line num="161" count="1" type="stmt"/>
        <line num="166" count="1" type="stmt"/>
        <line num="167" count="1" type="stmt"/>
        <line num="209" count="1" type="stmt"/>
        <line num="211" count="1" type="stmt"/>
        <line num="212" count="1" type="stmt"/>
        <line num="213" count="1" type="cond" truecount="1" falsecount="1"/>
        <line num="234" count="1" type="stmt"/>
        <line num="237" count="2" type="stmt"/>
        <line num="238" count="2" type="stmt"/>
        <line num="239" count="3" type="stmt"/>
        <line num="240" count="3" type="cond" truecount="2" falsecount="0"/>
        <line num="242" count="2" type="stmt"/>
        <line num="245" count="2" type="stmt"/>
        <line num="248" count="1" type="cond" truecount="3" falsecount="1"/>
        <line num="250" count="1" type="stmt"/>
        <line num="253" count="0" type="stmt"/>
        <line num="258" count="2" type="stmt"/>
        <line num="260" count="2" type="stmt"/>
        <line num="263" count="0" type="stmt"/>
        <line num="267" count="8" type="stmt"/>
        <line num="270" count="41" type="stmt"/>
        <line num="271" count="41" type="stmt"/>
        <line num="273" count="41" type="stmt"/>
        <line num="275" count="17" type="cond" truecount="2" falsecount="0"/>
        <line num="276" count="17" type="stmt"/>
        <line num="277" count="17" type="stmt"/>
        <line num="280" count="41" type="stmt"/>
        <line num="281" count="41" type="cond" truecount="4" falsecount="0"/>
        <line num="282" count="24" type="stmt"/>
        <line num="286" count="41" type="stmt"/>
        <line num="288" count="1" type="stmt"/>
        <line num="296" count="1" type="stmt"/>
        <line num="298" count="1" type="stmt"/>
        <line num="300" count="1" type="stmt"/>
        <line num="302" count="41" type="stmt"/>
        <line num="303" count="1" type="stmt"/>
        <line num="305" count="41" type="stmt"/>
        <line num="306" count="0" type="stmt"/>
        <line num="309" count="41" type="stmt"/>
        <line num="310" count="4" type="stmt"/>
        <line num="314" count="41" type="stmt"/>
        <line num="315" count="0" type="stmt"/>
        <line num="317" count="41" type="stmt"/>
        <line num="318" count="1" type="stmt"/>
        <line num="329" count="41" type="stmt"/>
        <line num="330" count="0" type="stmt"/>
        <line num="332" count="41" type="stmt"/>
        <line num="333" count="0" type="stmt"/>
        <line num="334" count="0" type="stmt"/>
        <line num="340" count="41" type="stmt"/>
        <line num="359" count="8" type="stmt"/>
        <line num="360" count="54" type="stmt"/>
        <line num="361" count="54" type="cond" truecount="1" falsecount="1"/>
        <line num="362" count="0" type="stmt"/>
        <line num="364" count="54" type="stmt"/>
      </file>
    </package>
    <package name="src.shared">
      <metrics statements="65" coveredstatements="54" conditionals="35" coveredconditionals="32" methods="21" coveredmethods="16"/>
      <file name="Dialog.tsx" path="C:\Users\iqles\OneDrive\Рабочий стол\rock star\todolist\src\shared\Dialog.tsx">
        <metrics statements="10" coveredstatements="7" conditionals="11" coveredconditionals="10" methods="6" coveredmethods="3"/>
        <line num="35" count="5" type="stmt"/>
        <line num="50" count="103" type="stmt"/>
        <line num="53" count="100" type="stmt"/>
        <line num="62" count="0" type="stmt"/>
        <line num="84" count="100" type="cond" truecount="3" falsecount="0"/>
        <line num="86" count="100" type="stmt"/>
        <line num="98" count="0" type="stmt"/>
        <line num="106" count="2" type="stmt"/>
        <line num="118" count="70" type="stmt"/>
        <line num="125" count="0" type="stmt"/>
      </file>
      <file name="Input.tsx" path="C:\Users\iqles\OneDrive\Рабочий стол\rock star\todolist\src\shared\Input.tsx">
        <metrics statements="14" coveredstatements="14" conditionals="6" coveredconditionals="6" methods="3" coveredmethods="3"/>
        <line num="7" count="2" type="stmt"/>
        <line num="8" count="9" type="stmt"/>
        <line num="9" count="9" type="stmt"/>
        <line num="10" count="9" type="stmt"/>
        <line num="12" count="9" type="stmt"/>
        <line num="13" count="2" type="stmt"/>
        <line num="14" count="2" type="cond" truecount="4" falsecount="0"/>
        <line num="15" count="1" type="stmt"/>
        <line num="16" count="1" type="stmt"/>
        <line num="18" count="1" type="stmt"/>
        <line num="19" count="1" type="stmt"/>
        <line num="20" count="1" type="stmt"/>
        <line num="23" count="9" type="stmt"/>
        <line num="31" count="1" type="stmt"/>
      </file>
      <file name="SubTaskInput.tsx" path="C:\Users\iqles\OneDrive\Рабочий стол\rock star\todolist\src\shared\SubTaskInput.tsx">
        <metrics statements="41" coveredstatements="33" conditionals="18" coveredconditionals="16" methods="12" coveredmethods="10"/>
        <line num="13" count="4" type="stmt"/>
        <line num="14" count="17" type="stmt"/>
        <line num="15" count="16" type="stmt"/>
        <line num="16" count="16" type="stmt"/>
        <line num="17" count="16" type="stmt"/>
        <line num="18" count="16" type="stmt"/>
        <line num="19" count="16" type="stmt"/>
        <line num="20" count="16" type="stmt"/>
        <line num="22" count="16" type="stmt"/>
        <line num="23" count="16" type="stmt"/>
        <line num="25" count="16" type="stmt"/>
        <line num="26" count="1" type="stmt"/>
        <line num="27" count="1" type="stmt"/>
        <line num="28" count="1" type="stmt"/>
        <line num="29" count="1" type="stmt"/>
        <line num="31" count="16" type="stmt"/>
        <line num="32" count="1" type="stmt"/>
        <line num="33" count="1" type="cond" truecount="1" falsecount="1"/>
        <line num="34" count="0" type="stmt"/>
        <line num="36" count="1" type="stmt"/>
        <line num="37" count="1" type="stmt"/>
        <line num="38" count="1" type="stmt"/>
        <line num="39" count="1" type="stmt"/>
        <line num="40" count="1" type="stmt"/>
        <line num="44" count="16" type="stmt"/>
        <line num="45" count="1" type="stmt"/>
        <line num="46" count="1" type="stmt"/>
        <line num="49" count="16" type="stmt"/>
        <line num="50" count="0" type="stmt"/>
        <line num="51" count="0" type="stmt"/>
        <line num="54" count="16" type="stmt"/>
        <line num="55" count="0" type="stmt"/>
        <line num="56" count="0" type="stmt"/>
        <line num="57" count="0" type="stmt"/>
        <line num="58" count="0" type="stmt"/>
        <line num="59" count="0" type="stmt"/>
        <line num="62" count="16" type="stmt"/>
        <line num="63" count="3" type="stmt"/>
        <line num="66" count="16" type="stmt"/>
        <line num="78" count="1" type="stmt"/>
        <line num="110" count="1" type="stmt"/>
      </file>
    </package>
    <package name="src.shared.unused">
      <metrics statements="0" coveredstatements="0" conditionals="0" coveredconditionals="0" methods="0" coveredmethods="0"/>
      <file name="EditTask.tsx" path="C:\Users\iqles\OneDrive\Рабочий стол\rock star\todolist\src\shared\unused\EditTask.tsx">
        <metrics statements="0" coveredstatements="0" conditionals="0" coveredconditionals="0" methods="0" coveredmethods="0"/>
      </file>
      <file name="Panel.tsx" path="C:\Users\iqles\OneDrive\Рабочий стол\rock star\todolist\src\shared\unused\Panel.tsx">
        <metrics statements="0" coveredstatements="0" conditionals="0" coveredconditionals="0" methods="0" coveredmethods="0"/>
      </file>
      <file name="SubItemSq.tsx" path="C:\Users\iqles\OneDrive\Рабочий стол\rock star\todolist\src\shared\unused\SubItemSq.tsx">
        <metrics statements="0" coveredstatements="0" conditionals="0" coveredconditionals="0" methods="0" coveredmethods="0"/>
      </file>
    </package>
  </project>
</coverage>
