<?xml version="1.0" encoding="UTF-8"?>
<coverage generated="1706969739566" clover="3.2.0">
  <project timestamp="1706969739566" name="All files">
    <metrics statements="84" coveredstatements="84" conditionals="28" coveredconditionals="20" methods="25" coveredmethods="25" elements="137" coveredelements="129" complexity="0" loc="84" ncloc="84" packages="7" files="16" classes="16"/>
    <package name="src">
      <metrics statements="8" coveredstatements="8" conditionals="8" coveredconditionals="4" methods="3" coveredmethods="3"/>
      <file name="App.tsx" path="C:\Users\iqles\OneDrive\Рабочий стол\rock star\todolist\src\App.tsx">
        <metrics statements="8" coveredstatements="8" conditionals="8" coveredconditionals="4" methods="3" coveredmethods="3"/>
        <line num="11" count="1" type="stmt"/>
        <line num="12" count="1" type="stmt"/>
        <line num="14" count="1" type="stmt"/>
        <line num="15" count="1" type="cond" truecount="1" falsecount="1"/>
        <line num="16" count="1" type="cond" truecount="1" falsecount="1"/>
        <line num="17" count="1" type="stmt"/>
        <line num="25" count="1" type="stmt"/>
        <line num="34" count="1" type="stmt"/>
      </file>
    </package>
    <package name="src.ai">
      <metrics statements="0" coveredstatements="0" conditionals="0" coveredconditionals="0" methods="0" coveredmethods="0"/>
      <file name="AIUI.tsx" path="C:\Users\iqles\OneDrive\Рабочий стол\rock star\todolist\src\ai\AIUI.tsx">
        <metrics statements="0" coveredstatements="0" conditionals="0" coveredconditionals="0" methods="0" coveredmethods="0"/>
      </file>
    </package>
    <package name="src.components">
      <metrics statements="2" coveredstatements="2" conditionals="0" coveredconditionals="0" methods="0" coveredmethods="0"/>
      <file name="TodoItem.tsx" path="C:\Users\iqles\OneDrive\Рабочий стол\rock star\todolist\src\components\TodoItem.tsx">
        <metrics statements="1" coveredstatements="1" conditionals="0" coveredconditionals="0" methods="0" coveredmethods="0"/>
        <line num="15" count="2" type="stmt"/>
      </file>
      <file name="TodoList.tsx" path="C:\Users\iqles\OneDrive\Рабочий стол\rock star\todolist\src\components\TodoList.tsx">
        <metrics statements="1" coveredstatements="1" conditionals="0" coveredconditionals="0" methods="0" coveredmethods="0"/>
        <line num="5" count="1" type="stmt"/>
      </file>
      <file name="ztrash.jsx" path="C:\Users\iqles\OneDrive\Рабочий стол\rock star\todolist\src\components\ztrash.jsx">
        <metrics statements="0" coveredstatements="0" conditionals="0" coveredconditionals="0" methods="0" coveredmethods="0"/>
      </file>
    </package>
    <package name="src.components.sub">
      <metrics statements="24" coveredstatements="24" conditionals="10" coveredconditionals="6" methods="11" coveredmethods="11"/>
      <file name="SubTask.tsx" path="C:\Users\iqles\OneDrive\Рабочий стол\rock star\todolist\src\components\sub\SubTask.tsx">
        <metrics statements="9" coveredstatements="9" conditionals="4" coveredconditionals="2" methods="4" coveredmethods="4"/>
        <line num="11" count="3" type="stmt"/>
        <line num="12" count="5" type="stmt"/>
        <line num="13" count="4" type="stmt"/>
        <line num="15" count="4" type="stmt"/>
        <line num="22" count="4" type="stmt"/>
        <line num="23" count="2" type="stmt"/>
        <line num="26" count="4" type="stmt"/>
        <line num="29" count="4" type="stmt"/>
        <line num="39" count="2" type="stmt"/>
      </file>
      <file name="SubTaskLowest.tsx" path="C:\Users\iqles\OneDrive\Рабочий стол\rock star\todolist\src\components\sub\SubTaskLowest.tsx">
        <metrics statements="5" coveredstatements="5" conditionals="4" coveredconditionals="2" methods="3" coveredmethods="3"/>
        <line num="12" count="5" type="stmt"/>
        <line num="13" count="7" type="stmt"/>
        <line num="15" count="7" type="stmt"/>
        <line num="24" count="2" type="stmt"/>
        <line num="38" count="2" type="stmt"/>
      </file>
      <file name="SubTaskSq.tsx" path="C:\Users\iqles\OneDrive\Рабочий стол\rock star\todolist\src\components\sub\SubTaskSq.tsx">
        <metrics statements="10" coveredstatements="10" conditionals="2" coveredconditionals="2" methods="4" coveredmethods="4"/>
        <line num="10" count="4" type="stmt"/>
        <line num="11" count="10" type="stmt"/>
        <line num="12" count="10" type="stmt"/>
        <line num="15" count="10" type="stmt"/>
        <line num="16" count="2" type="stmt"/>
        <line num="18" count="10" type="stmt"/>
        <line num="19" count="2" type="stmt"/>
        <line num="20" count="2" type="stmt"/>
        <line num="23" count="10" type="stmt"/>
        <line num="28" count="6" type="stmt"/>
      </file>
    </package>
    <package name="src.context">
      <metrics statements="33" coveredstatements="33" conditionals="6" coveredconditionals="6" methods="7" coveredmethods="7"/>
      <file name="ThemeContext.js" path="C:\Users\iqles\OneDrive\Рабочий стол\rock star\todolist\src\context\ThemeContext.js">
        <metrics statements="0" coveredstatements="0" conditionals="0" coveredconditionals="0" methods="0" coveredmethods="0"/>
      </file>
      <file name="TodoContext.tsx" path="C:\Users\iqles\OneDrive\Рабочий стол\rock star\todolist\src\context\TodoContext.tsx">
        <metrics statements="33" coveredstatements="33" conditionals="6" coveredconditionals="6" methods="7" coveredmethods="7"/>
        <line num="37" count="8" type="stmt"/>
        <line num="39" count="8" type="stmt"/>
        <line num="42" count="8" type="stmt"/>
        <line num="65" count="8" type="stmt"/>
        <line num="97" count="8" type="stmt"/>
        <line num="267" count="8" type="stmt"/>
        <line num="270" count="42" type="stmt"/>
        <line num="271" count="42" type="stmt"/>
        <line num="273" count="42" type="stmt"/>
        <line num="275" count="16" type="cond" truecount="2" falsecount="0"/>
        <line num="276" count="16" type="stmt"/>
        <line num="277" count="16" type="stmt"/>
        <line num="280" count="42" type="stmt"/>
        <line num="281" count="42" type="cond" truecount="4" falsecount="0"/>
        <line num="282" count="26" type="stmt"/>
        <line num="286" count="42" type="stmt"/>
        <line num="288" count="1" type="stmt"/>
        <line num="296" count="1" type="stmt"/>
        <line num="298" count="1" type="stmt"/>
        <line num="300" count="1" type="stmt"/>
        <line num="302" count="42" type="stmt"/>
        <line num="305" count="42" type="stmt"/>
        <line num="312" count="42" type="stmt"/>
        <line num="313" count="6" type="stmt"/>
        <line num="317" count="42" type="stmt"/>
        <line num="324" count="42" type="stmt"/>
        <line num="325" count="1" type="stmt"/>
        <line num="336" count="42" type="stmt"/>
        <line num="342" count="42" type="stmt"/>
        <line num="343" count="2" type="stmt"/>
        <line num="344" count="2" type="stmt"/>
        <line num="350" count="42" type="stmt"/>
        <line num="369" count="8" type="stmt"/>
      </file>
    </package>
    <package name="src.shared">
      <metrics statements="17" coveredstatements="17" conditionals="4" coveredconditionals="4" methods="4" coveredmethods="4"/>
      <file name="Dialog.tsx" path="C:\Users\iqles\OneDrive\Рабочий стол\rock star\todolist\src\shared\Dialog.tsx">
        <metrics statements="1" coveredstatements="1" conditionals="0" coveredconditionals="0" methods="0" coveredmethods="0"/>
        <line num="36" count="5" type="stmt"/>
      </file>
      <file name="Input.tsx" path="C:\Users\iqles\OneDrive\Рабочий стол\rock star\todolist\src\shared\Input.tsx">
        <metrics statements="15" coveredstatements="15" conditionals="4" coveredconditionals="4" methods="4" coveredmethods="4"/>
        <line num="7" count="2" type="stmt"/>
        <line num="8" count="8" type="stmt"/>
        <line num="9" count="8" type="stmt"/>
        <line num="11" count="8" type="stmt"/>
        <line num="12" count="2" type="stmt"/>
        <line num="13" count="2" type="cond" truecount="4" falsecount="0"/>
        <line num="14" count="1" type="stmt"/>
        <line num="15" count="1" type="stmt"/>
        <line num="17" count="1" type="stmt"/>
        <line num="18" count="1" type="stmt"/>
        <line num="20" count="8" type="stmt"/>
        <line num="21" count="8" type="stmt"/>
        <line num="22" count="1" type="stmt"/>
        <line num="30" count="8" type="stmt"/>
        <line num="38" count="1" type="stmt"/>
      </file>
      <file name="SubTaskInput.tsx" path="C:\Users\iqles\OneDrive\Рабочий стол\rock star\todolist\src\shared\SubTaskInput.tsx">
        <metrics statements="1" coveredstatements="1" conditionals="0" coveredconditionals="0" methods="0" coveredmethods="0"/>
        <line num="14" count="4" type="stmt"/>
      </file>
    </package>
    <package name="src.shared.unused">
      <metrics statements="0" coveredstatements="0" conditionals="0" coveredconditionals="0" methods="0" coveredmethods="0"/>
      <file name="EditTask.tsx" path="C:\Users\iqles\OneDrive\Рабочий стол\rock star\todolist\src\shared\unused\EditTask.tsx">
        <metrics statements="0" coveredstatements="0" conditionals="0" coveredconditionals="0" methods="0" coveredmethods="0"/>
      </file>
      <file name="Panel.tsx" path="C:\Users\iqles\OneDrive\Рабочий стол\rock star\todolist\src\shared\unused\Panel.tsx">
        <metrics statements="0" coveredstatements="0" conditionals="0" coveredconditionals="0" methods="0" coveredmethods="0"/>
      </file>
      <file name="SubItemSq.tsx" path="C:\Users\iqles\OneDrive\Рабочий стол\rock star\todolist\src\shared\unused\SubItemSq.tsx">
        <metrics statements="0" coveredstatements="0" conditionals="0" coveredconditionals="0" methods="0" coveredmethods="0"/>
      </file>
    </package>
  </project>
</coverage>
