{"C:\\Users\\iqles\\OneDrive\\Рабочий стол\\rock star\\todolist\\src\\App.tsx": {"path":"C:\\Users\\iqles\\OneDrive\\Рабочий стол\\rock star\\todolist\\src\\App.tsx","statementMap":{"0":{"start":{"line":11,"column":26},"end":{"line":11,"column":55}},"1":{"start":{"line":12,"column":28},"end":{"line":12,"column":44}},"2":{"start":{"line":14,"column":24},"end":{"line":23,"column":3}},"3":{"start":{"line":15,"column":21},"end":{"line":15,"column":56}},"4":{"start":{"line":16,"column":4},"end":{"line":22,"column":8}},"5":{"start":{"line":17,"column":6},"end":{"line":22,"column":8}},"6":{"start":{"line":21,"column":14},"end":{"line":21,"column":32}},"7":{"start":{"line":25,"column":2},"end":{"line":48,"column":4}},"8":{"start":{"line":34,"column":27},"end":{"line":34,"column":42}}},"fnMap":{"0":{"name":"App","decl":{"start":{"line":10,"column":9},"end":{"line":10,"column":12}},"loc":{"start":{"line":10,"column":15},"end":{"line":49,"column":1}},"line":10},"1":{"name":"(anonymous_1)","decl":{"start":{"line":14,"column":24},"end":{"line":14,"column":25}},"loc":{"start":{"line":14,"column":30},"end":{"line":23,"column":3}},"line":14},"2":{"name":"(anonymous_2)","decl":{"start":{"line":21,"column":8},"end":{"line":21,"column":9}},"loc":{"start":{"line":21,"column":14},"end":{"line":21,"column":32}},"line":21},"3":{"name":"(anonymous_3)","decl":{"start":{"line":34,"column":21},"end":{"line":34,"column":22}},"loc":{"start":{"line":34,"column":27},"end":{"line":34,"column":42}},"line":34}},"branchMap":{"0":{"loc":{"start":{"line":15,"column":21},"end":{"line":15,"column":56}},"type":"cond-expr","locations":[{"start":{"line":15,"column":40},"end":{"line":15,"column":47}},{"start":{"line":15,"column":50},"end":{"line":15,"column":56}}],"line":15},"1":{"loc":{"start":{"line":16,"column":4},"end":{"line":22,"column":8}},"type":"if","locations":[{"start":{"line":16,"column":4},"end":{"line":22,"column":8}},{"start":{},"end":{}}],"line":16},"2":{"loc":{"start":{"line":32,"column":26},"end":{"line":32,"column":67}},"type":"cond-expr","locations":[{"start":{"line":32,"column":45},"end":{"line":32,"column":55}},{"start":{"line":32,"column":58},"end":{"line":32,"column":67}}],"line":32},"3":{"loc":{"start":{"line":37,"column":39},"end":{"line":37,"column":72}},"type":"cond-expr","locations":[{"start":{"line":37,"column":58},"end":{"line":37,"column":64}},{"start":{"line":37,"column":67},"end":{"line":37,"column":72}}],"line":37}},"s":{"0":1,"1":1,"2":1,"3":1,"4":1,"5":1,"6":0,"7":1,"8":1},"f":{"0":1,"1":1,"2":0,"3":1},"b":{"0":[1,0],"1":[1,0],"2":[1,0],"3":[1,0]},"_coverageSchema":"1a1c01bbd47fc00a2c39e90264f33305004495a9","hash":"76417f9e221876ac24d8cd9fdf75791d59e9a8fd"}
,"C:\\Users\\iqles\\OneDrive\\Рабочий стол\\rock star\\todolist\\src\\ai\\AIUI.tsx": {"path":"C:\\Users\\iqles\\OneDrive\\Рабочий стол\\rock star\\todolist\\src\\ai\\AIUI.tsx","statementMap":{},"fnMap":{},"branchMap":{},"s":{},"f":{},"b":{}}
,"C:\\Users\\iqles\\OneDrive\\Рабочий стол\\rock star\\todolist\\src\\components\\TodoItem.tsx": {"path":"C:\\Users\\iqles\\OneDrive\\Рабочий стол\\rock star\\todolist\\src\\components\\TodoItem.tsx","statementMap":{"0":{"start":{"line":13,"column":42},"end":{"line":233,"column":1}},"1":{"start":{"line":14,"column":19},"end":{"line":14,"column":24}},"2":{"start":{"line":22,"column":6},"end":{"line":22,"column":22}},"3":{"start":{"line":24,"column":38},"end":{"line":24,"column":62}},"4":{"start":{"line":25,"column":46},"end":{"line":25,"column":70}},"5":{"start":{"line":26,"column":42},"end":{"line":26,"column":66}},"6":{"start":{"line":27,"column":48},"end":{"line":27,"column":72}},"7":{"start":{"line":28,"column":34},"end":{"line":28,"column":58}},"8":{"start":{"line":29,"column":42},"end":{"line":29,"column":66}},"9":{"start":{"line":31,"column":38},"end":{"line":31,"column":58}},"10":{"start":{"line":32,"column":46},"end":{"line":32,"column":66}},"11":{"start":{"line":33,"column":40},"end":{"line":33,"column":67}},"12":{"start":{"line":35,"column":34},"end":{"line":35,"column":54}},"13":{"start":{"line":36,"column":48},"end":{"line":36,"column":68}},"14":{"start":{"line":39,"column":22},"end":{"line":43,"column":3}},"15":{"start":{"line":44,"column":50},"end":{"line":44,"column":74}},"16":{"start":{"line":47,"column":28},"end":{"line":49,"column":3}},"17":{"start":{"line":48,"column":4},"end":{"line":48,"column":24}},"18":{"start":{"line":51,"column":51},"end":{"line":63,"column":3}},"19":{"start":{"line":64,"column":24},"end":{"line":64,"column":59}},"20":{"start":{"line":66,"column":27},"end":{"line":68,"column":3}},"21":{"start":{"line":67,"column":4},"end":{"line":67,"column":42}},"22":{"start":{"line":67,"column":18},"end":{"line":67,"column":42}},"23":{"start":{"line":70,"column":27},"end":{"line":72,"column":3}},"24":{"start":{"line":71,"column":4},"end":{"line":71,"column":19}},"25":{"start":{"line":74,"column":55},"end":{"line":84,"column":3}},"26":{"start":{"line":86,"column":28},"end":{"line":96,"column":3}},"27":{"start":{"line":87,"column":4},"end":{"line":87,"column":22}},"28":{"start":{"line":88,"column":4},"end":{"line":88,"column":26}},"29":{"start":{"line":89,"column":4},"end":{"line":89,"column":30}},"30":{"start":{"line":90,"column":4},"end":{"line":90,"column":25}},"31":{"start":{"line":91,"column":4},"end":{"line":91,"column":29}},"32":{"start":{"line":92,"column":4},"end":{"line":92,"column":27}},"33":{"start":{"line":93,"column":4},"end":{"line":93,"column":30}},"34":{"start":{"line":94,"column":4},"end":{"line":94,"column":20}},"35":{"start":{"line":95,"column":4},"end":{"line":95,"column":27}},"36":{"start":{"line":98,"column":19},"end":{"line":100,"column":3}},"37":{"start":{"line":99,"column":4},"end":{"line":99,"column":29}},"38":{"start":{"line":101,"column":50},"end":{"line":107,"column":3}},"39":{"start":{"line":109,"column":23},"end":{"line":111,"column":3}},"40":{"start":{"line":110,"column":4},"end":{"line":110,"column":33}},"41":{"start":{"line":110,"column":26},"end":{"line":110,"column":31}},"42":{"start":{"line":112,"column":2},"end":{"line":232,"column":4}},"43":{"start":{"line":119,"column":29},"end":{"line":119,"column":54}},"44":{"start":{"line":136,"column":31},"end":{"line":136,"column":56}},"45":{"start":{"line":154,"column":33},"end":{"line":154,"column":56}},"46":{"start":{"line":159,"column":33},"end":{"line":159,"column":52}},"47":{"start":{"line":165,"column":35},"end":{"line":165,"column":67}},"48":{"start":{"line":165,"column":61},"end":{"line":165,"column":66}},"49":{"start":{"line":172,"column":33},"end":{"line":172,"column":54}}},"fnMap":{"0":{"name":"(anonymous_0)","decl":{"start":{"line":13,"column":42},"end":{"line":13,"column":43}},"loc":{"start":{"line":13,"column":53},"end":{"line":233,"column":1}},"line":13},"1":{"name":"(anonymous_1)","decl":{"start":{"line":47,"column":28},"end":{"line":47,"column":29}},"loc":{"start":{"line":47,"column":34},"end":{"line":49,"column":3}},"line":47},"2":{"name":"(anonymous_2)","decl":{"start":{"line":66,"column":27},"end":{"line":66,"column":28}},"loc":{"start":{"line":66,"column":43},"end":{"line":68,"column":3}},"line":66},"3":{"name":"(anonymous_3)","decl":{"start":{"line":70,"column":27},"end":{"line":70,"column":28}},"loc":{"start":{"line":70,"column":43},"end":{"line":72,"column":3}},"line":70},"4":{"name":"(anonymous_4)","decl":{"start":{"line":86,"column":28},"end":{"line":86,"column":29}},"loc":{"start":{"line":86,"column":34},"end":{"line":96,"column":3}},"line":86},"5":{"name":"(anonymous_5)","decl":{"start":{"line":98,"column":19},"end":{"line":98,"column":20}},"loc":{"start":{"line":98,"column":25},"end":{"line":100,"column":3}},"line":98},"6":{"name":"(anonymous_6)","decl":{"start":{"line":109,"column":23},"end":{"line":109,"column":24}},"loc":{"start":{"line":109,"column":29},"end":{"line":111,"column":3}},"line":109},"7":{"name":"(anonymous_7)","decl":{"start":{"line":110,"column":16},"end":{"line":110,"column":17}},"loc":{"start":{"line":110,"column":26},"end":{"line":110,"column":31}},"line":110},"8":{"name":"(anonymous_8)","decl":{"start":{"line":119,"column":23},"end":{"line":119,"column":24}},"loc":{"start":{"line":119,"column":29},"end":{"line":119,"column":54}},"line":119},"9":{"name":"(anonymous_9)","decl":{"start":{"line":136,"column":25},"end":{"line":136,"column":26}},"loc":{"start":{"line":136,"column":31},"end":{"line":136,"column":56}},"line":136},"10":{"name":"(anonymous_10)","decl":{"start":{"line":154,"column":27},"end":{"line":154,"column":28}},"loc":{"start":{"line":154,"column":33},"end":{"line":154,"column":56}},"line":154},"11":{"name":"(anonymous_11)","decl":{"start":{"line":159,"column":27},"end":{"line":159,"column":28}},"loc":{"start":{"line":159,"column":33},"end":{"line":159,"column":52}},"line":159},"12":{"name":"(anonymous_12)","decl":{"start":{"line":165,"column":29},"end":{"line":165,"column":30}},"loc":{"start":{"line":165,"column":35},"end":{"line":165,"column":67}},"line":165},"13":{"name":"(anonymous_13)","decl":{"start":{"line":165,"column":51},"end":{"line":165,"column":52}},"loc":{"start":{"line":165,"column":61},"end":{"line":165,"column":66}},"line":165},"14":{"name":"(anonymous_14)","decl":{"start":{"line":172,"column":27},"end":{"line":172,"column":28}},"loc":{"start":{"line":172,"column":33},"end":{"line":172,"column":54}},"line":172}},"branchMap":{"0":{"loc":{"start":{"line":64,"column":24},"end":{"line":64,"column":59}},"type":"binary-expr","locations":[{"start":{"line":64,"column":24},"end":{"line":64,"column":32}},{"start":{"line":64,"column":36},"end":{"line":64,"column":59}}],"line":64},"1":{"loc":{"start":{"line":67,"column":4},"end":{"line":67,"column":42}},"type":"if","locations":[{"start":{"line":67,"column":4},"end":{"line":67,"column":42}},{"start":{},"end":{}}],"line":67},"2":{"loc":{"start":{"line":120,"column":20},"end":{"line":120,"column":66}},"type":"cond-expr","locations":[{"start":{"line":120,"column":37},"end":{"line":120,"column":50}},{"start":{"line":120,"column":53},"end":{"line":120,"column":66}}],"line":120},"3":{"loc":{"start":{"line":122,"column":28},"end":{"line":122,"column":70}},"type":"cond-expr","locations":[{"start":{"line":122,"column":45},"end":{"line":122,"column":61}},{"start":{"line":122,"column":64},"end":{"line":122,"column":70}}],"line":122},"4":{"loc":{"start":{"line":126,"column":11},"end":{"line":141,"column":11}},"type":"binary-expr","locations":[{"start":{"line":126,"column":11},"end":{"line":126,"column":26}},{"start":{"line":127,"column":12},"end":{"line":140,"column":18}}],"line":126},"5":{"loc":{"start":{"line":143,"column":13},"end":{"line":175,"column":13}},"type":"binary-expr","locations":[{"start":{"line":143,"column":13},"end":{"line":143,"column":21}},{"start":{"line":144,"column":14},"end":{"line":174,"column":20}}],"line":143},"6":{"loc":{"start":{"line":161,"column":17},"end":{"line":167,"column":17}},"type":"binary-expr","locations":[{"start":{"line":161,"column":17},"end":{"line":161,"column":43}},{"start":{"line":162,"column":18},"end":{"line":166,"column":20}}],"line":161},"7":{"loc":{"start":{"line":164,"column":26},"end":{"line":164,"column":78}},"type":"cond-expr","locations":[{"start":{"line":164,"column":41},"end":{"line":164,"column":57}},{"start":{"line":164,"column":60},"end":{"line":164,"column":78}}],"line":164},"8":{"loc":{"start":{"line":178,"column":20},"end":{"line":178,"column":74}},"type":"cond-expr","locations":[{"start":{"line":178,"column":31},"end":{"line":178,"column":50}},{"start":{"line":178,"column":53},"end":{"line":178,"column":74}}],"line":178},"9":{"loc":{"start":{"line":183,"column":9},"end":{"line":183,"column":76}},"type":"binary-expr","locations":[{"start":{"line":183,"column":9},"end":{"line":183,"column":33}},{"start":{"line":183,"column":37},"end":{"line":183,"column":49}},{"start":{"line":183,"column":53},"end":{"line":183,"column":76}}],"line":183},"10":{"loc":{"start":{"line":193,"column":18},"end":{"line":193,"column":58}},"type":"cond-expr","locations":[{"start":{"line":193,"column":36},"end":{"line":193,"column":46}},{"start":{"line":193,"column":49},"end":{"line":193,"column":58}}],"line":193},"11":{"loc":{"start":{"line":194,"column":23},"end":{"line":194,"column":76}},"type":"cond-expr","locations":[{"start":{"line":194,"column":41},"end":{"line":194,"column":59}},{"start":{"line":194,"column":62},"end":{"line":194,"column":76}}],"line":194},"12":{"loc":{"start":{"line":195,"column":29},"end":{"line":195,"column":61}},"type":"cond-expr","locations":[{"start":{"line":195,"column":47},"end":{"line":195,"column":53}},{"start":{"line":195,"column":56},"end":{"line":195,"column":61}}],"line":195}},"s":{"0":2,"1":24,"2":23,"3":23,"4":23,"5":23,"6":23,"7":23,"8":23,"9":23,"10":23,"11":23,"12":23,"13":23,"14":23,"15":23,"16":23,"17":1,"18":23,"19":23,"20":23,"21":1,"22":1,"23":23,"24":2,"25":23,"26":23,"27":1,"28":1,"29":1,"30":1,"31":1,"32":1,"33":1,"34":1,"35":1,"36":23,"37":1,"38":23,"39":23,"40":4,"41":4,"42":23,"43":2,"44":1,"45":1,"46":1,"47":1,"48":1,"49":2},"f":{"0":24,"1":1,"2":1,"3":2,"4":1,"5":1,"6":4,"7":4,"8":2,"9":1,"10":1,"11":1,"12":1,"13":1,"14":2},"b":{"0":[23,20],"1":[1,0],"2":[0,23],"3":[0,23],"4":[23,20],"5":[23,12],"6":[12,12],"7":[2,10],"8":[12,11],"9":[23,23,2],"10":[20,3],"11":[20,3],"12":[20,3]},"_coverageSchema":"1a1c01bbd47fc00a2c39e90264f33305004495a9","hash":"b40e5127e16cd626d9fa851cb4f14fe640a1b82f"}
,"C:\\Users\\iqles\\OneDrive\\Рабочий стол\\rock star\\todolist\\src\\components\\ztrash.jsx": {"path":"C:\\Users\\iqles\\OneDrive\\Рабочий стол\\rock star\\todolist\\src\\components\\ztrash.jsx","statementMap":{},"fnMap":{},"branchMap":{},"s":{},"f":{},"b":{}}
,"C:\\Users\\iqles\\OneDrive\\Рабочий стол\\rock star\\todolist\\src\\components\\sub\\SubTask.tsx": {"path":"C:\\Users\\iqles\\OneDrive\\Рабочий стол\\rock star\\todolist\\src\\components\\sub\\SubTask.tsx","statementMap":{"0":{"start":{"line":11,"column":40},"end":{"line":59,"column":1}},"1":{"start":{"line":12,"column":19},"end":{"line":12,"column":24}},"2":{"start":{"line":13,"column":40},"end":{"line":13,"column":56}},"3":{"start":{"line":15,"column":31},"end":{"line":17,"column":3}},"4":{"start":{"line":16,"column":4},"end":{"line":16,"column":32}},"5":{"start":{"line":19,"column":27},"end":{"line":21,"column":3}},"6":{"start":{"line":20,"column":4},"end":{"line":20,"column":19}},"7":{"start":{"line":23,"column":2},"end":{"line":58,"column":4}},"8":{"start":{"line":26,"column":8},"end":{"line":55,"column":11}},"9":{"start":{"line":32,"column":33},"end":{"line":32,"column":61}}},"fnMap":{"0":{"name":"(anonymous_0)","decl":{"start":{"line":11,"column":40},"end":{"line":11,"column":41}},"loc":{"start":{"line":11,"column":51},"end":{"line":59,"column":1}},"line":11},"1":{"name":"(anonymous_1)","decl":{"start":{"line":15,"column":31},"end":{"line":15,"column":32}},"loc":{"start":{"line":15,"column":65},"end":{"line":17,"column":3}},"line":15},"2":{"name":"(anonymous_2)","decl":{"start":{"line":19,"column":27},"end":{"line":19,"column":28}},"loc":{"start":{"line":19,"column":43},"end":{"line":21,"column":3}},"line":19},"3":{"name":"(anonymous_3)","decl":{"start":{"line":25,"column":25},"end":{"line":25,"column":26}},"loc":{"start":{"line":26,"column":8},"end":{"line":55,"column":11}},"line":26},"4":{"name":"(anonymous_4)","decl":{"start":{"line":32,"column":27},"end":{"line":32,"column":28}},"loc":{"start":{"line":32,"column":33},"end":{"line":32,"column":61}},"line":32}},"branchMap":{"0":{"loc":{"start":{"line":33,"column":24},"end":{"line":33,"column":73}},"type":"cond-expr","locations":[{"start":{"line":33,"column":44},"end":{"line":33,"column":57}},{"start":{"line":33,"column":60},"end":{"line":33,"column":73}}],"line":33},"1":{"loc":{"start":{"line":35,"column":32},"end":{"line":35,"column":77}},"type":"cond-expr","locations":[{"start":{"line":35,"column":52},"end":{"line":35,"column":68}},{"start":{"line":35,"column":71},"end":{"line":35,"column":77}}],"line":35}},"s":{"0":3,"1":9,"2":7,"3":7,"4":1,"5":7,"6":2,"7":7,"8":7,"9":2},"f":{"0":9,"1":1,"2":2,"3":7,"4":2},"b":{"0":[0,7],"1":[0,7]},"_coverageSchema":"1a1c01bbd47fc00a2c39e90264f33305004495a9","hash":"2351233da3257c72f176d4d28508b80ab708713b"}
,"C:\\Users\\iqles\\OneDrive\\Рабочий стол\\rock star\\todolist\\src\\components\\sub\\SubTaskLowest.tsx": {"path":"C:\\Users\\iqles\\OneDrive\\Рабочий стол\\rock star\\todolist\\src\\components\\sub\\SubTaskLowest.tsx","statementMap":{"0":{"start":{"line":12,"column":52},"end":{"line":38,"column":1}},"1":{"start":{"line":13,"column":68},"end":{"line":13,"column":73}},"2":{"start":{"line":15,"column":2},"end":{"line":37,"column":4}},"3":{"start":{"line":20,"column":25},"end":{"line":20,"column":50}},"4":{"start":{"line":32,"column":23},"end":{"line":32,"column":64}}},"fnMap":{"0":{"name":"(anonymous_0)","decl":{"start":{"line":12,"column":52},"end":{"line":12,"column":53}},"loc":{"start":{"line":12,"column":63},"end":{"line":38,"column":1}},"line":12},"1":{"name":"(anonymous_1)","decl":{"start":{"line":20,"column":19},"end":{"line":20,"column":20}},"loc":{"start":{"line":20,"column":25},"end":{"line":20,"column":50}},"line":20},"2":{"name":"(anonymous_2)","decl":{"start":{"line":32,"column":17},"end":{"line":32,"column":18}},"loc":{"start":{"line":32,"column":23},"end":{"line":32,"column":64}},"line":32}},"branchMap":{"0":{"loc":{"start":{"line":21,"column":16},"end":{"line":21,"column":62}},"type":"cond-expr","locations":[{"start":{"line":21,"column":33},"end":{"line":21,"column":46}},{"start":{"line":21,"column":49},"end":{"line":21,"column":62}}],"line":21},"1":{"loc":{"start":{"line":25,"column":21},"end":{"line":25,"column":63}},"type":"cond-expr","locations":[{"start":{"line":25,"column":38},"end":{"line":25,"column":54}},{"start":{"line":25,"column":57},"end":{"line":25,"column":63}}],"line":25}},"s":{"0":5,"1":7,"2":7,"3":2,"4":2},"f":{"0":7,"1":2,"2":2},"b":{"0":[0,7],"1":[0,7]},"_coverageSchema":"1a1c01bbd47fc00a2c39e90264f33305004495a9","hash":"f7396a805a035a5c9e148253e32539f665460cfd"}
,"C:\\Users\\iqles\\OneDrive\\Рабочий стол\\rock star\\todolist\\src\\components\\sub\\SubTaskSq.tsx": {"path":"C:\\Users\\iqles\\OneDrive\\Рабочий стол\\rock star\\todolist\\src\\components\\sub\\SubTaskSq.tsx","statementMap":{"0":{"start":{"line":10,"column":44},"end":{"line":40,"column":1}},"1":{"start":{"line":11,"column":22},"end":{"line":11,"column":27}},"2":{"start":{"line":12,"column":40},"end":{"line":12,"column":56}},"3":{"start":{"line":15,"column":27},"end":{"line":17,"column":3}},"4":{"start":{"line":16,"column":4},"end":{"line":16,"column":19}},"5":{"start":{"line":18,"column":31},"end":{"line":21,"column":3}},"6":{"start":{"line":19,"column":4},"end":{"line":19,"column":38}},"7":{"start":{"line":20,"column":4},"end":{"line":20,"column":32}},"8":{"start":{"line":23,"column":2},"end":{"line":39,"column":4}},"9":{"start":{"line":28,"column":12},"end":{"line":34,"column":14}}},"fnMap":{"0":{"name":"(anonymous_0)","decl":{"start":{"line":10,"column":44},"end":{"line":10,"column":45}},"loc":{"start":{"line":10,"column":55},"end":{"line":40,"column":1}},"line":10},"1":{"name":"(anonymous_1)","decl":{"start":{"line":15,"column":27},"end":{"line":15,"column":28}},"loc":{"start":{"line":15,"column":43},"end":{"line":17,"column":3}},"line":15},"2":{"name":"(anonymous_2)","decl":{"start":{"line":18,"column":31},"end":{"line":18,"column":32}},"loc":{"start":{"line":18,"column":65},"end":{"line":21,"column":3}},"line":18},"3":{"name":"(anonymous_3)","decl":{"start":{"line":27,"column":32},"end":{"line":27,"column":33}},"loc":{"start":{"line":28,"column":12},"end":{"line":34,"column":14}},"line":28}},"branchMap":{"0":{"loc":{"start":{"line":25,"column":7},"end":{"line":37,"column":7}},"type":"binary-expr","locations":[{"start":{"line":25,"column":7},"end":{"line":25,"column":34}},{"start":{"line":26,"column":8},"end":{"line":36,"column":13}}],"line":25}},"s":{"0":4,"1":13,"2":13,"3":13,"4":2,"5":13,"6":2,"7":2,"8":13,"9":6},"f":{"0":13,"1":2,"2":2,"3":6},"b":{"0":[13,6]},"_coverageSchema":"1a1c01bbd47fc00a2c39e90264f33305004495a9","hash":"addd9483e4ebc12f01ae4d7ae95ce5cb91e16f19"}
,"C:\\Users\\iqles\\OneDrive\\Рабочий стол\\rock star\\todolist\\src\\context\\ThemeContext.js": {"path":"C:\\Users\\iqles\\OneDrive\\Рабочий стол\\rock star\\todolist\\src\\context\\ThemeContext.js","statementMap":{},"fnMap":{},"branchMap":{},"s":{},"f":{},"b":{}}
,"C:\\Users\\iqles\\OneDrive\\Рабочий стол\\rock star\\todolist\\src\\context\\TodoContext.tsx": {"path":"C:\\Users\\iqles\\OneDrive\\Рабочий стол\\rock star\\todolist\\src\\context\\TodoContext.tsx","statementMap":{"0":{"start":{"line":37,"column":20},"end":{"line":37,"column":74}},"1":{"start":{"line":39,"column":18},"end":{"line":39,"column":19}},"2":{"start":{"line":42,"column":23},"end":{"line":62,"column":1}},"3":{"start":{"line":47,"column":2},"end":{"line":61,"column":5}},"4":{"start":{"line":48,"column":4},"end":{"line":60,"column":5}},"5":{"start":{"line":50,"column":6},"end":{"line":50,"column":34}},"6":{"start":{"line":51,"column":11},"end":{"line":60,"column":5}},"7":{"start":{"line":53,"column":6},"end":{"line":56,"column":8}},"8":{"start":{"line":59,"column":6},"end":{"line":59,"column":18}},"9":{"start":{"line":65,"column":25},"end":{"line":79,"column":1}},"10":{"start":{"line":66,"column":2},"end":{"line":78,"column":5}},"11":{"start":{"line":67,"column":4},"end":{"line":77,"column":5}},"12":{"start":{"line":69,"column":35},"end":{"line":71,"column":7}},"13":{"start":{"line":70,"column":21},"end":{"line":70,"column":38}},"14":{"start":{"line":72,"column":6},"end":{"line":72,"column":51}},"15":{"start":{"line":73,"column":6},"end":{"line":73,"column":58}},"16":{"start":{"line":76,"column":6},"end":{"line":76,"column":18}},"17":{"start":{"line":97,"column":27},"end":{"line":265,"column":1}},"18":{"start":{"line":101,"column":2},"end":{"line":264,"column":3}},"19":{"start":{"line":104,"column":6},"end":{"line":114,"column":8}},"20":{"start":{"line":116,"column":27},"end":{"line":116,"column":41}},"21":{"start":{"line":117,"column":6},"end":{"line":117,"column":58}},"22":{"start":{"line":117,"column":36},"end":{"line":117,"column":56}},"23":{"start":{"line":119,"column":30},"end":{"line":119,"column":44}},"24":{"start":{"line":120,"column":6},"end":{"line":120,"column":79}},"25":{"start":{"line":120,"column":50},"end":{"line":120,"column":76}},"26":{"start":{"line":123,"column":23},"end":{"line":123,"column":37}},"27":{"start":{"line":125,"column":25},"end":{"line":145,"column":10}},"28":{"start":{"line":126,"column":8},"end":{"line":145,"column":10}},"29":{"start":{"line":127,"column":10},"end":{"line":144,"column":11}},"30":{"start":{"line":128,"column":12},"end":{"line":135,"column":13}},"31":{"start":{"line":129,"column":14},"end":{"line":129,"column":76}},"32":{"start":{"line":129,"column":42},"end":{"line":129,"column":73}},"33":{"start":{"line":130,"column":14},"end":{"line":134,"column":17}},"34":{"start":{"line":131,"column":16},"end":{"line":133,"column":17}},"35":{"start":{"line":132,"column":18},"end":{"line":132,"column":79}},"36":{"start":{"line":132,"column":46},"end":{"line":132,"column":76}},"37":{"start":{"line":137,"column":12},"end":{"line":137,"column":59}},"38":{"start":{"line":138,"column":17},"end":{"line":144,"column":11}},"39":{"start":{"line":140,"column":12},"end":{"line":140,"column":68}},"40":{"start":{"line":143,"column":12},"end":{"line":143,"column":24}},"41":{"start":{"line":148,"column":27},"end":{"line":148,"column":44}},"42":{"start":{"line":151,"column":39},"end":{"line":151,"column":69}},"43":{"start":{"line":153,"column":6},"end":{"line":153,"column":38}},"44":{"start":{"line":156,"column":6},"end":{"line":156,"column":28}},"45":{"start":{"line":160,"column":43},"end":{"line":160,"column":57}},"46":{"start":{"line":161,"column":6},"end":{"line":164,"column":10}},"47":{"start":{"line":161,"column":53},"end":{"line":164,"column":7}},"48":{"start":{"line":166,"column":38},"end":{"line":166,"column":52}},"49":{"start":{"line":167,"column":6},"end":{"line":170,"column":10}},"50":{"start":{"line":167,"column":56},"end":{"line":170,"column":7}},"51":{"start":{"line":209,"column":37},"end":{"line":209,"column":51}},"52":{"start":{"line":211,"column":31},"end":{"line":232,"column":9}},"53":{"start":{"line":212,"column":8},"end":{"line":232,"column":9}},"54":{"start":{"line":213,"column":10},"end":{"line":231,"column":74}},"55":{"start":{"line":234,"column":6},"end":{"line":234,"column":37}},"56":{"start":{"line":237,"column":44},"end":{"line":237,"column":58}},"57":{"start":{"line":238,"column":37},"end":{"line":255,"column":10}},"58":{"start":{"line":239,"column":8},"end":{"line":255,"column":10}},"59":{"start":{"line":240,"column":10},"end":{"line":254,"column":11}},"60":{"start":{"line":242,"column":12},"end":{"line":247,"column":14}},"61":{"start":{"line":245,"column":29},"end":{"line":245,"column":59}},"62":{"start":{"line":248,"column":17},"end":{"line":254,"column":11}},"63":{"start":{"line":250,"column":12},"end":{"line":250,"column":80}},"64":{"start":{"line":253,"column":12},"end":{"line":253,"column":24}},"65":{"start":{"line":258,"column":28},"end":{"line":258,"column":57}},"66":{"start":{"line":260,"column":6},"end":{"line":260,"column":27}},"67":{"start":{"line":263,"column":6},"end":{"line":263,"column":19}},"68":{"start":{"line":267,"column":63},"end":{"line":357,"column":1}},"69":{"start":{"line":270,"column":28},"end":{"line":270,"column":55}},"70":{"start":{"line":271,"column":40},"end":{"line":271,"column":55}},"71":{"start":{"line":273,"column":2},"end":{"line":278,"column":9}},"72":{"start":{"line":275,"column":24},"end":{"line":275,"column":73}},"73":{"start":{"line":276,"column":4},"end":{"line":276,"column":59}},"74":{"start":{"line":277,"column":4},"end":{"line":277,"column":25}},"75":{"start":{"line":280,"column":2},"end":{"line":284,"column":14}},"76":{"start":{"line":281,"column":4},"end":{"line":283,"column":5}},"77":{"start":{"line":282,"column":6},"end":{"line":282,"column":59}},"78":{"start":{"line":286,"column":18},"end":{"line":301,"column":3}},"79":{"start":{"line":288,"column":20},"end":{"line":295,"column":5}},"80":{"start":{"line":296,"column":25},"end":{"line":296,"column":44}},"81":{"start":{"line":298,"column":4},"end":{"line":298,"column":64}},"82":{"start":{"line":300,"column":4},"end":{"line":300,"column":61}},"83":{"start":{"line":302,"column":21},"end":{"line":304,"column":3}},"84":{"start":{"line":303,"column":4},"end":{"line":303,"column":61}},"85":{"start":{"line":305,"column":23},"end":{"line":307,"column":3}},"86":{"start":{"line":306,"column":4},"end":{"line":306,"column":69}},"87":{"start":{"line":309,"column":21},"end":{"line":311,"column":3}},"88":{"start":{"line":310,"column":4},"end":{"line":310,"column":57}},"89":{"start":{"line":314,"column":17},"end":{"line":316,"column":3}},"90":{"start":{"line":315,"column":4},"end":{"line":315,"column":73}},"91":{"start":{"line":317,"column":20},"end":{"line":319,"column":3}},"92":{"start":{"line":318,"column":4},"end":{"line":318,"column":71}},"93":{"start":{"line":329,"column":21},"end":{"line":331,"column":3}},"94":{"start":{"line":330,"column":4},"end":{"line":330,"column":71}},"95":{"start":{"line":332,"column":24},"end":{"line":338,"column":3}},"96":{"start":{"line":333,"column":4},"end":{"line":333,"column":57}},"97":{"start":{"line":334,"column":4},"end":{"line":337,"column":7}},"98":{"start":{"line":340,"column":2},"end":{"line":356,"column":4}},"99":{"start":{"line":359,"column":30},"end":{"line":365,"column":1}},"100":{"start":{"line":360,"column":18},"end":{"line":360,"column":41}},"101":{"start":{"line":361,"column":2},"end":{"line":363,"column":3}},"102":{"start":{"line":362,"column":4},"end":{"line":362,"column":73}},"103":{"start":{"line":364,"column":2},"end":{"line":364,"column":17}}},"fnMap":{"0":{"name":"(anonymous_0)","decl":{"start":{"line":42,"column":23},"end":{"line":42,"column":24}},"loc":{"start":{"line":46,"column":13},"end":{"line":62,"column":1}},"line":46},"1":{"name":"(anonymous_1)","decl":{"start":{"line":47,"column":19},"end":{"line":47,"column":20}},"loc":{"start":{"line":47,"column":29},"end":{"line":61,"column":3}},"line":47},"2":{"name":"(anonymous_2)","decl":{"start":{"line":65,"column":25},"end":{"line":65,"column":26}},"loc":{"start":{"line":65,"column":52},"end":{"line":79,"column":1}},"line":65},"3":{"name":"(anonymous_3)","decl":{"start":{"line":66,"column":19},"end":{"line":66,"column":20}},"loc":{"start":{"line":66,"column":29},"end":{"line":78,"column":3}},"line":66},"4":{"name":"(anonymous_4)","decl":{"start":{"line":70,"column":8},"end":{"line":70,"column":9}},"loc":{"start":{"line":70,"column":21},"end":{"line":70,"column":38}},"line":70},"5":{"name":"(anonymous_5)","decl":{"start":{"line":97,"column":27},"end":{"line":97,"column":28}},"loc":{"start":{"line":100,"column":13},"end":{"line":265,"column":1}},"line":100},"6":{"name":"(anonymous_6)","decl":{"start":{"line":117,"column":26},"end":{"line":117,"column":27}},"loc":{"start":{"line":117,"column":36},"end":{"line":117,"column":56}},"line":117},"7":{"name":"(anonymous_7)","decl":{"start":{"line":120,"column":39},"end":{"line":120,"column":40}},"loc":{"start":{"line":120,"column":50},"end":{"line":120,"column":76}},"line":120},"8":{"name":"(anonymous_8)","decl":{"start":{"line":125,"column":25},"end":{"line":125,"column":26}},"loc":{"start":{"line":126,"column":8},"end":{"line":145,"column":10}},"line":126},"9":{"name":"(anonymous_9)","decl":{"start":{"line":126,"column":18},"end":{"line":126,"column":19}},"loc":{"start":{"line":126,"column":28},"end":{"line":145,"column":9}},"line":126},"10":{"name":"(anonymous_10)","decl":{"start":{"line":129,"column":32},"end":{"line":129,"column":33}},"loc":{"start":{"line":129,"column":42},"end":{"line":129,"column":73}},"line":129},"11":{"name":"(anonymous_11)","decl":{"start":{"line":130,"column":32},"end":{"line":130,"column":33}},"loc":{"start":{"line":130,"column":41},"end":{"line":134,"column":15}},"line":130},"12":{"name":"(anonymous_12)","decl":{"start":{"line":132,"column":35},"end":{"line":132,"column":36}},"loc":{"start":{"line":132,"column":46},"end":{"line":132,"column":76}},"line":132},"13":{"name":"(anonymous_13)","decl":{"start":{"line":161,"column":42},"end":{"line":161,"column":43}},"loc":{"start":{"line":161,"column":53},"end":{"line":164,"column":7}},"line":161},"14":{"name":"(anonymous_14)","decl":{"start":{"line":167,"column":45},"end":{"line":167,"column":46}},"loc":{"start":{"line":167,"column":56},"end":{"line":170,"column":7}},"line":167},"15":{"name":"(anonymous_15)","decl":{"start":{"line":211,"column":31},"end":{"line":211,"column":32}},"loc":{"start":{"line":212,"column":8},"end":{"line":232,"column":9}},"line":212},"16":{"name":"(anonymous_16)","decl":{"start":{"line":212,"column":18},"end":{"line":212,"column":19}},"loc":{"start":{"line":213,"column":10},"end":{"line":231,"column":74}},"line":213},"17":{"name":"(anonymous_17)","decl":{"start":{"line":238,"column":37},"end":{"line":238,"column":38}},"loc":{"start":{"line":239,"column":8},"end":{"line":255,"column":10}},"line":239},"18":{"name":"(anonymous_18)","decl":{"start":{"line":239,"column":18},"end":{"line":239,"column":19}},"loc":{"start":{"line":239,"column":28},"end":{"line":255,"column":9}},"line":239},"19":{"name":"(anonymous_19)","decl":{"start":{"line":245,"column":16},"end":{"line":245,"column":17}},"loc":{"start":{"line":245,"column":29},"end":{"line":245,"column":59}},"line":245},"20":{"name":"(anonymous_20)","decl":{"start":{"line":267,"column":63},"end":{"line":267,"column":64}},"loc":{"start":{"line":269,"column":6},"end":{"line":357,"column":1}},"line":269},"21":{"name":"(anonymous_21)","decl":{"start":{"line":273,"column":12},"end":{"line":273,"column":13}},"loc":{"start":{"line":273,"column":18},"end":{"line":278,"column":3}},"line":273},"22":{"name":"(anonymous_22)","decl":{"start":{"line":280,"column":12},"end":{"line":280,"column":13}},"loc":{"start":{"line":280,"column":18},"end":{"line":284,"column":3}},"line":280},"23":{"name":"(anonymous_23)","decl":{"start":{"line":286,"column":18},"end":{"line":286,"column":19}},"loc":{"start":{"line":286,"column":51},"end":{"line":301,"column":3}},"line":286},"24":{"name":"(anonymous_24)","decl":{"start":{"line":302,"column":21},"end":{"line":302,"column":22}},"loc":{"start":{"line":302,"column":43},"end":{"line":304,"column":3}},"line":302},"25":{"name":"(anonymous_25)","decl":{"start":{"line":305,"column":23},"end":{"line":305,"column":24}},"loc":{"start":{"line":305,"column":56},"end":{"line":307,"column":3}},"line":305},"26":{"name":"(anonymous_26)","decl":{"start":{"line":309,"column":21},"end":{"line":309,"column":22}},"loc":{"start":{"line":309,"column":43},"end":{"line":311,"column":3}},"line":309},"27":{"name":"(anonymous_27)","decl":{"start":{"line":314,"column":17},"end":{"line":314,"column":18}},"loc":{"start":{"line":314,"column":73},"end":{"line":316,"column":3}},"line":314},"28":{"name":"(anonymous_28)","decl":{"start":{"line":317,"column":20},"end":{"line":317,"column":21}},"loc":{"start":{"line":317,"column":58},"end":{"line":319,"column":3}},"line":317},"29":{"name":"(anonymous_29)","decl":{"start":{"line":329,"column":21},"end":{"line":329,"column":22}},"loc":{"start":{"line":329,"column":61},"end":{"line":331,"column":3}},"line":329},"30":{"name":"(anonymous_30)","decl":{"start":{"line":332,"column":24},"end":{"line":332,"column":25}},"loc":{"start":{"line":332,"column":71},"end":{"line":338,"column":3}},"line":332},"31":{"name":"(anonymous_31)","decl":{"start":{"line":359,"column":30},"end":{"line":359,"column":31}},"loc":{"start":{"line":359,"column":36},"end":{"line":365,"column":1}},"line":359}},"branchMap":{"0":{"loc":{"start":{"line":48,"column":4},"end":{"line":60,"column":5}},"type":"if","locations":[{"start":{"line":48,"column":4},"end":{"line":60,"column":5}},{"start":{"line":51,"column":11},"end":{"line":60,"column":5}}],"line":48},"1":{"loc":{"start":{"line":51,"column":11},"end":{"line":60,"column":5}},"type":"if","locations":[{"start":{"line":51,"column":11},"end":{"line":60,"column":5}},{"start":{"line":57,"column":11},"end":{"line":60,"column":5}}],"line":51},"2":{"loc":{"start":{"line":67,"column":4},"end":{"line":77,"column":5}},"type":"if","locations":[{"start":{"line":67,"column":4},"end":{"line":77,"column":5}},{"start":{"line":74,"column":11},"end":{"line":77,"column":5}}],"line":67},"3":{"loc":{"start":{"line":67,"column":8},"end":{"line":67,"column":50}},"type":"binary-expr","locations":[{"start":{"line":67,"column":8},"end":{"line":67,"column":32}},{"start":{"line":67,"column":36},"end":{"line":67,"column":50}}],"line":67},"4":{"loc":{"start":{"line":101,"column":2},"end":{"line":264,"column":3}},"type":"switch","locations":[{"start":{"line":103,"column":4},"end":{"line":114,"column":8}},{"start":{"line":115,"column":4},"end":{"line":117,"column":58}},{"start":{"line":118,"column":4},"end":{"line":120,"column":79}},{"start":{"line":122,"column":4},"end":{"line":153,"column":38}},{"start":{"line":155,"column":4},"end":{"line":156,"column":28}},{"start":{"line":159,"column":4},"end":{"line":164,"column":10}},{"start":{"line":165,"column":4},"end":{"line":170,"column":10}},{"start":{"line":186,"column":4},"end":{"line":234,"column":37}},{"start":{"line":236,"column":4},"end":{"line":260,"column":27}},{"start":{"line":262,"column":4},"end":{"line":263,"column":19}}],"line":101},"5":{"loc":{"start":{"line":127,"column":10},"end":{"line":144,"column":11}},"type":"if","locations":[{"start":{"line":127,"column":10},"end":{"line":144,"column":11}},{"start":{"line":138,"column":17},"end":{"line":144,"column":11}}],"line":127},"6":{"loc":{"start":{"line":128,"column":12},"end":{"line":135,"column":13}},"type":"if","locations":[{"start":{"line":128,"column":12},"end":{"line":135,"column":13}},{"start":{},"end":{}}],"line":128},"7":{"loc":{"start":{"line":128,"column":16},"end":{"line":128,"column":57}},"type":"binary-expr","locations":[{"start":{"line":128,"column":16},"end":{"line":128,"column":29}},{"start":{"line":128,"column":33},"end":{"line":128,"column":57}}],"line":128},"8":{"loc":{"start":{"line":131,"column":16},"end":{"line":133,"column":17}},"type":"if","locations":[{"start":{"line":131,"column":16},"end":{"line":133,"column":17}},{"start":{},"end":{}}],"line":131},"9":{"loc":{"start":{"line":131,"column":20},"end":{"line":131,"column":59}},"type":"binary-expr","locations":[{"start":{"line":131,"column":20},"end":{"line":131,"column":32}},{"start":{"line":131,"column":36},"end":{"line":131,"column":59}}],"line":131},"10":{"loc":{"start":{"line":138,"column":17},"end":{"line":144,"column":11}},"type":"if","locations":[{"start":{"line":138,"column":17},"end":{"line":144,"column":11}},{"start":{"line":141,"column":17},"end":{"line":144,"column":11}}],"line":138},"11":{"loc":{"start":{"line":138,"column":21},"end":{"line":138,"column":62}},"type":"binary-expr","locations":[{"start":{"line":138,"column":21},"end":{"line":138,"column":34}},{"start":{"line":138,"column":38},"end":{"line":138,"column":62}}],"line":138},"12":{"loc":{"start":{"line":213,"column":10},"end":{"line":231,"column":74}},"type":"cond-expr","locations":[{"start":{"line":214,"column":14},"end":{"line":230,"column":15}},{"start":{"line":231,"column":14},"end":{"line":231,"column":74}}],"line":213},"13":{"loc":{"start":{"line":217,"column":18},"end":{"line":229,"column":35}},"type":"cond-expr","locations":[{"start":{"line":218,"column":22},"end":{"line":228,"column":23}},{"start":{"line":229,"column":22},"end":{"line":229,"column":35}}],"line":217},"14":{"loc":{"start":{"line":219,"column":28},"end":{"line":219,"column":47}},"type":"binary-expr","locations":[{"start":{"line":219,"column":28},"end":{"line":219,"column":41}},{"start":{"line":219,"column":45},"end":{"line":219,"column":47}}],"line":219},"15":{"loc":{"start":{"line":231,"column":52},"end":{"line":231,"column":71}},"type":"binary-expr","locations":[{"start":{"line":231,"column":52},"end":{"line":231,"column":65}},{"start":{"line":231,"column":69},"end":{"line":231,"column":71}}],"line":231},"16":{"loc":{"start":{"line":240,"column":10},"end":{"line":254,"column":11}},"type":"if","locations":[{"start":{"line":240,"column":10},"end":{"line":254,"column":11}},{"start":{"line":248,"column":17},"end":{"line":254,"column":11}}],"line":240},"17":{"loc":{"start":{"line":244,"column":25},"end":{"line":244,"column":44}},"type":"binary-expr","locations":[{"start":{"line":244,"column":25},"end":{"line":244,"column":38}},{"start":{"line":244,"column":42},"end":{"line":244,"column":44}}],"line":244},"18":{"loc":{"start":{"line":248,"column":17},"end":{"line":254,"column":11}},"type":"if","locations":[{"start":{"line":248,"column":17},"end":{"line":254,"column":11}},{"start":{"line":251,"column":17},"end":{"line":254,"column":11}}],"line":248},"19":{"loc":{"start":{"line":248,"column":21},"end":{"line":248,"column":62}},"type":"binary-expr","locations":[{"start":{"line":248,"column":21},"end":{"line":248,"column":34}},{"start":{"line":248,"column":38},"end":{"line":248,"column":62}}],"line":248},"20":{"loc":{"start":{"line":275,"column":35},"end":{"line":275,"column":72}},"type":"binary-expr","locations":[{"start":{"line":275,"column":35},"end":{"line":275,"column":64}},{"start":{"line":275,"column":68},"end":{"line":275,"column":72}}],"line":275},"21":{"loc":{"start":{"line":281,"column":4},"end":{"line":283,"column":5}},"type":"if","locations":[{"start":{"line":281,"column":4},"end":{"line":283,"column":5}},{"start":{},"end":{}}],"line":281},"22":{"loc":{"start":{"line":281,"column":8},"end":{"line":281,"column":37}},"type":"binary-expr","locations":[{"start":{"line":281,"column":8},"end":{"line":281,"column":13}},{"start":{"line":281,"column":17},"end":{"line":281,"column":37}}],"line":281},"23":{"loc":{"start":{"line":361,"column":2},"end":{"line":363,"column":3}},"type":"if","locations":[{"start":{"line":361,"column":2},"end":{"line":363,"column":3}},{"start":{},"end":{}}],"line":361}},"s":{"0":8,"1":8,"2":8,"3":3,"4":1,"5":1,"6":0,"7":0,"8":0,"9":8,"10":8,"11":2,"12":0,"13":0,"14":0,"15":0,"16":2,"17":8,"18":36,"19":1,"20":1,"21":1,"22":0,"23":1,"24":1,"25":1,"26":8,"27":8,"28":9,"29":3,"30":2,"31":1,"32":1,"33":1,"34":1,"35":0,"36":0,"37":2,"38":1,"39":1,"40":0,"41":8,"42":8,"43":8,"44":17,"45":1,"46":1,"47":0,"48":1,"49":1,"50":0,"51":1,"52":1,"53":1,"54":1,"55":1,"56":5,"57":5,"58":6,"59":3,"60":2,"61":2,"62":1,"63":1,"64":0,"65":5,"66":5,"67":0,"68":8,"69":46,"70":46,"71":46,"72":17,"73":17,"74":17,"75":46,"76":46,"77":29,"78":46,"79":1,"80":1,"81":1,"82":1,"83":46,"84":1,"85":46,"86":0,"87":46,"88":6,"89":46,"90":0,"91":46,"92":1,"93":46,"94":0,"95":46,"96":3,"97":3,"98":46,"99":8,"100":62,"101":62,"102":0,"103":62},"f":{"0":3,"1":1,"2":8,"3":2,"4":0,"5":36,"6":0,"7":1,"8":9,"9":3,"10":1,"11":1,"12":0,"13":0,"14":0,"15":1,"16":1,"17":6,"18":3,"19":2,"20":46,"21":17,"22":46,"23":1,"24":1,"25":0,"26":6,"27":0,"28":1,"29":0,"30":3,"31":62},"b":{"0":[1,0],"1":[0,0],"2":[0,2],"3":[2,2],"4":[1,1,1,8,17,1,1,1,5,0],"5":[2,1],"6":[1,1],"7":[2,2],"8":[0,1],"9":[1,1],"10":[1,0],"11":[1,1],"12":[1,0],"13":[1,0],"14":[1,0],"15":[0,0],"16":[2,1],"17":[2,0],"18":[1,0],"19":[1,1],"20":[17,7],"21":[29,17],"22":[46,46],"23":[0,62]},"_coverageSchema":"1a1c01bbd47fc00a2c39e90264f33305004495a9","hash":"c2c380413830421b024afc376cc16430b1ed62f2"}
,"C:\\Users\\iqles\\OneDrive\\Рабочий стол\\rock star\\todolist\\src\\shared\\Dialog.tsx": {"path":"C:\\Users\\iqles\\OneDrive\\Рабочий стол\\rock star\\todolist\\src\\shared\\Dialog.tsx","statementMap":{"0":{"start":{"line":35,"column":38},"end":{"line":142,"column":1}},"1":{"start":{"line":50,"column":6},"end":{"line":50,"column":11}},"2":{"start":{"line":53,"column":4},"end":{"line":80,"column":7}},"3":{"start":{"line":62,"column":24},"end":{"line":62,"column":40}},"4":{"start":{"line":84,"column":4},"end":{"line":84,"column":62}},"5":{"start":{"line":86,"column":2},"end":{"line":141,"column":4}},"6":{"start":{"line":98,"column":24},"end":{"line":98,"column":40}},"7":{"start":{"line":106,"column":31},"end":{"line":106,"column":57}},"8":{"start":{"line":118,"column":20},"end":{"line":132,"column":22}},"9":{"start":{"line":125,"column":43},"end":{"line":125,"column":71}}},"fnMap":{"0":{"name":"(anonymous_0)","decl":{"start":{"line":35,"column":38},"end":{"line":35,"column":39}},"loc":{"start":{"line":35,"column":49},"end":{"line":142,"column":1}},"line":35},"1":{"name":"(anonymous_1)","decl":{"start":{"line":62,"column":18},"end":{"line":62,"column":19}},"loc":{"start":{"line":62,"column":24},"end":{"line":62,"column":40}},"line":62},"2":{"name":"(anonymous_2)","decl":{"start":{"line":98,"column":18},"end":{"line":98,"column":19}},"loc":{"start":{"line":98,"column":24},"end":{"line":98,"column":40}},"line":98},"3":{"name":"(anonymous_3)","decl":{"start":{"line":106,"column":24},"end":{"line":106,"column":25}},"loc":{"start":{"line":106,"column":31},"end":{"line":106,"column":57}},"line":106},"4":{"name":"(anonymous_4)","decl":{"start":{"line":117,"column":39},"end":{"line":117,"column":40}},"loc":{"start":{"line":117,"column":53},"end":{"line":133,"column":19}},"line":117},"5":{"name":"(anonymous_5)","decl":{"start":{"line":125,"column":36},"end":{"line":125,"column":37}},"loc":{"start":{"line":125,"column":43},"end":{"line":125,"column":71}},"line":125}},"branchMap":{"0":{"loc":{"start":{"line":54,"column":7},"end":{"line":79,"column":7}},"type":"binary-expr","locations":[{"start":{"line":54,"column":7},"end":{"line":54,"column":16}},{"start":{"line":55,"column":8},"end":{"line":78,"column":15}}],"line":54},"1":{"loc":{"start":{"line":84,"column":4},"end":{"line":84,"column":62}},"type":"binary-expr","locations":[{"start":{"line":84,"column":4},"end":{"line":84,"column":19}},{"start":{"line":84,"column":23},"end":{"line":84,"column":39}},{"start":{"line":84,"column":43},"end":{"line":84,"column":62}}],"line":84},"2":{"loc":{"start":{"line":88,"column":7},"end":{"line":139,"column":7}},"type":"cond-expr","locations":[{"start":{"line":89,"column":8},"end":{"line":89,"column":17}},{"start":{"line":91,"column":8},"end":{"line":138,"column":15}}],"line":88},"3":{"loc":{"start":{"line":101,"column":13},"end":{"line":101,"column":69}},"type":"binary-expr","locations":[{"start":{"line":101,"column":13},"end":{"line":101,"column":21}},{"start":{"line":101,"column":25},"end":{"line":101,"column":69}}],"line":101},"4":{"loc":{"start":{"line":114,"column":13},"end":{"line":136,"column":13}},"type":"binary-expr","locations":[{"start":{"line":114,"column":13},"end":{"line":114,"column":24}},{"start":{"line":115,"column":14},"end":{"line":135,"column":20}}],"line":114}},"s":{"0":5,"1":103,"2":100,"3":0,"4":100,"5":100,"6":0,"7":2,"8":70,"9":0},"f":{"0":103,"1":0,"2":0,"3":2,"4":70,"5":0},"b":{"0":[100,25],"1":[100,24,24],"2":[25,75],"3":[75,0],"4":[75,24]},"_coverageSchema":"1a1c01bbd47fc00a2c39e90264f33305004495a9","hash":"a09626873614694f0351b194943ac30ecc7175d1"}
,"C:\\Users\\iqles\\OneDrive\\Рабочий стол\\rock star\\todolist\\src\\shared\\Input.tsx": {"path":"C:\\Users\\iqles\\OneDrive\\Рабочий стол\\rock star\\todolist\\src\\shared\\Input.tsx","statementMap":{"0":{"start":{"line":7,"column":14},"end":{"line":40,"column":1}},"1":{"start":{"line":8,"column":28},"end":{"line":8,"column":40}},"2":{"start":{"line":9,"column":36},"end":{"line":9,"column":51}},"3":{"start":{"line":10,"column":22},"end":{"line":10,"column":38}},"4":{"start":{"line":12,"column":24},"end":{"line":21,"column":3}},"5":{"start":{"line":13,"column":4},"end":{"line":13,"column":23}},"6":{"start":{"line":14,"column":4},"end":{"line":17,"column":5}},"7":{"start":{"line":15,"column":6},"end":{"line":15,"column":25}},"8":{"start":{"line":16,"column":6},"end":{"line":16,"column":13}},"9":{"start":{"line":18,"column":4},"end":{"line":18,"column":22}},"10":{"start":{"line":19,"column":4},"end":{"line":19,"column":17}},"11":{"start":{"line":20,"column":4},"end":{"line":20,"column":24}},"12":{"start":{"line":23,"column":2},"end":{"line":39,"column":4}},"13":{"start":{"line":31,"column":27},"end":{"line":31,"column":51}}},"fnMap":{"0":{"name":"(anonymous_0)","decl":{"start":{"line":7,"column":14},"end":{"line":7,"column":15}},"loc":{"start":{"line":7,"column":20},"end":{"line":40,"column":1}},"line":7},"1":{"name":"(anonymous_1)","decl":{"start":{"line":12,"column":24},"end":{"line":12,"column":25}},"loc":{"start":{"line":12,"column":36},"end":{"line":21,"column":3}},"line":12},"2":{"name":"(anonymous_2)","decl":{"start":{"line":31,"column":20},"end":{"line":31,"column":21}},"loc":{"start":{"line":31,"column":27},"end":{"line":31,"column":51}},"line":31}},"branchMap":{"0":{"loc":{"start":{"line":14,"column":4},"end":{"line":17,"column":5}},"type":"if","locations":[{"start":{"line":14,"column":4},"end":{"line":17,"column":5}},{"start":{},"end":{}}],"line":14},"1":{"loc":{"start":{"line":14,"column":8},"end":{"line":14,"column":37}},"type":"binary-expr","locations":[{"start":{"line":14,"column":8},"end":{"line":14,"column":14}},{"start":{"line":14,"column":18},"end":{"line":14,"column":37}}],"line":14},"2":{"loc":{"start":{"line":33,"column":9},"end":{"line":33,"column":76}},"type":"binary-expr","locations":[{"start":{"line":33,"column":9},"end":{"line":33,"column":18}},{"start":{"line":33,"column":22},"end":{"line":33,"column":76}}],"line":33}},"s":{"0":2,"1":9,"2":9,"3":9,"4":9,"5":2,"6":2,"7":1,"8":1,"9":1,"10":1,"11":1,"12":9,"13":1},"f":{"0":9,"1":2,"2":1},"b":{"0":[1,1],"1":[2,1],"2":[9,1]},"_coverageSchema":"1a1c01bbd47fc00a2c39e90264f33305004495a9","hash":"de9c26cb6bcbfed59dcbc836547ffd61214541cd"}
,"C:\\Users\\iqles\\OneDrive\\Рабочий стол\\rock star\\todolist\\src\\shared\\SubTaskInput.tsx": {"path":"C:\\Users\\iqles\\OneDrive\\Рабочий стол\\rock star\\todolist\\src\\shared\\SubTaskInput.tsx","statementMap":{"0":{"start":{"line":13,"column":50},"end":{"line":135,"column":1}},"1":{"start":{"line":14,"column":45},"end":{"line":14,"column":50}},"2":{"start":{"line":15,"column":39},"end":{"line":15,"column":55}},"3":{"start":{"line":16,"column":40},"end":{"line":16,"column":60}},"4":{"start":{"line":17,"column":36},"end":{"line":17,"column":60}},"5":{"start":{"line":18,"column":36},"end":{"line":18,"column":51}},"6":{"start":{"line":19,"column":34},"end":{"line":19,"column":58}},"7":{"start":{"line":20,"column":38},"end":{"line":20,"column":62}},"8":{"start":{"line":22,"column":41},"end":{"line":22,"column":71}},"9":{"start":{"line":23,"column":48},"end":{"line":23,"column":71}},"10":{"start":{"line":25,"column":27},"end":{"line":30,"column":3}},"11":{"start":{"line":26,"column":4},"end":{"line":26,"column":23}},"12":{"start":{"line":27,"column":4},"end":{"line":27,"column":34}},"13":{"start":{"line":27,"column":27},"end":{"line":27,"column":32}},"14":{"start":{"line":28,"column":4},"end":{"line":28,"column":23}},"15":{"start":{"line":29,"column":4},"end":{"line":29,"column":24}},"16":{"start":{"line":31,"column":28},"end":{"line":42,"column":3}},"17":{"start":{"line":32,"column":4},"end":{"line":32,"column":23}},"18":{"start":{"line":33,"column":4},"end":{"line":41,"column":5}},"19":{"start":{"line":34,"column":6},"end":{"line":34,"column":25}},"20":{"start":{"line":36,"column":6},"end":{"line":36,"column":42}},"21":{"start":{"line":37,"column":6},"end":{"line":37,"column":36}},"22":{"start":{"line":37,"column":29},"end":{"line":37,"column":34}},"23":{"start":{"line":38,"column":6},"end":{"line":38,"column":25}},"24":{"start":{"line":39,"column":6},"end":{"line":39,"column":26}},"25":{"start":{"line":40,"column":6},"end":{"line":40,"column":25}},"26":{"start":{"line":44,"column":19},"end":{"line":47,"column":3}},"27":{"start":{"line":45,"column":4},"end":{"line":45,"column":24}},"28":{"start":{"line":46,"column":4},"end":{"line":46,"column":29}},"29":{"start":{"line":49,"column":25},"end":{"line":52,"column":3}},"30":{"start":{"line":50,"column":4},"end":{"line":50,"column":30}},"31":{"start":{"line":51,"column":4},"end":{"line":51,"column":34}},"32":{"start":{"line":54,"column":26},"end":{"line":60,"column":3}},"33":{"start":{"line":55,"column":4},"end":{"line":55,"column":23}},"34":{"start":{"line":56,"column":4},"end":{"line":56,"column":41}},"35":{"start":{"line":57,"column":4},"end":{"line":57,"column":42}},"36":{"start":{"line":58,"column":4},"end":{"line":58,"column":30}},"37":{"start":{"line":59,"column":4},"end":{"line":59,"column":33}},"38":{"start":{"line":62,"column":23},"end":{"line":64,"column":3}},"39":{"start":{"line":63,"column":4},"end":{"line":63,"column":33}},"40":{"start":{"line":63,"column":26},"end":{"line":63,"column":31}},"41":{"start":{"line":66,"column":2},"end":{"line":134,"column":4}},"42":{"start":{"line":78,"column":37},"end":{"line":78,"column":67}},"43":{"start":{"line":110,"column":29},"end":{"line":110,"column":65}}},"fnMap":{"0":{"name":"(anonymous_0)","decl":{"start":{"line":13,"column":50},"end":{"line":13,"column":51}},"loc":{"start":{"line":13,"column":61},"end":{"line":135,"column":1}},"line":13},"1":{"name":"(anonymous_1)","decl":{"start":{"line":25,"column":27},"end":{"line":25,"column":28}},"loc":{"start":{"line":25,"column":39},"end":{"line":30,"column":3}},"line":25},"2":{"name":"(anonymous_2)","decl":{"start":{"line":27,"column":17},"end":{"line":27,"column":18}},"loc":{"start":{"line":27,"column":27},"end":{"line":27,"column":32}},"line":27},"3":{"name":"(anonymous_3)","decl":{"start":{"line":31,"column":28},"end":{"line":31,"column":29}},"loc":{"start":{"line":31,"column":40},"end":{"line":42,"column":3}},"line":31},"4":{"name":"(anonymous_4)","decl":{"start":{"line":37,"column":19},"end":{"line":37,"column":20}},"loc":{"start":{"line":37,"column":29},"end":{"line":37,"column":34}},"line":37},"5":{"name":"(anonymous_5)","decl":{"start":{"line":44,"column":19},"end":{"line":44,"column":20}},"loc":{"start":{"line":44,"column":25},"end":{"line":47,"column":3}},"line":44},"6":{"name":"(anonymous_6)","decl":{"start":{"line":49,"column":25},"end":{"line":49,"column":26}},"loc":{"start":{"line":49,"column":31},"end":{"line":52,"column":3}},"line":49},"7":{"name":"(anonymous_7)","decl":{"start":{"line":54,"column":26},"end":{"line":54,"column":27}},"loc":{"start":{"line":54,"column":38},"end":{"line":60,"column":3}},"line":54},"8":{"name":"(anonymous_8)","decl":{"start":{"line":62,"column":23},"end":{"line":62,"column":24}},"loc":{"start":{"line":62,"column":29},"end":{"line":64,"column":3}},"line":62},"9":{"name":"(anonymous_9)","decl":{"start":{"line":63,"column":16},"end":{"line":63,"column":17}},"loc":{"start":{"line":63,"column":26},"end":{"line":63,"column":31}},"line":63},"10":{"name":"(anonymous_10)","decl":{"start":{"line":78,"column":30},"end":{"line":78,"column":31}},"loc":{"start":{"line":78,"column":37},"end":{"line":78,"column":67}},"line":78},"11":{"name":"(anonymous_11)","decl":{"start":{"line":110,"column":23},"end":{"line":110,"column":24}},"loc":{"start":{"line":110,"column":29},"end":{"line":110,"column":65}},"line":110}},"branchMap":{"0":{"loc":{"start":{"line":33,"column":4},"end":{"line":41,"column":5}},"type":"if","locations":[{"start":{"line":33,"column":4},"end":{"line":41,"column":5}},{"start":{"line":35,"column":11},"end":{"line":41,"column":5}}],"line":33},"1":{"loc":{"start":{"line":69,"column":9},"end":{"line":115,"column":9}},"type":"binary-expr","locations":[{"start":{"line":69,"column":9},"end":{"line":69,"column":17}},{"start":{"line":70,"column":10},"end":{"line":114,"column":13}}],"line":69},"2":{"loc":{"start":{"line":71,"column":13},"end":{"line":90,"column":13}},"type":"binary-expr","locations":[{"start":{"line":71,"column":13},"end":{"line":71,"column":22}},{"start":{"line":72,"column":14},"end":{"line":89,"column":17}}],"line":71},"3":{"loc":{"start":{"line":91,"column":13},"end":{"line":91,"column":76}},"type":"binary-expr","locations":[{"start":{"line":91,"column":13},"end":{"line":91,"column":23}},{"start":{"line":91,"column":27},"end":{"line":91,"column":76}}],"line":91},"4":{"loc":{"start":{"line":96,"column":20},"end":{"line":96,"column":67}},"type":"cond-expr","locations":[{"start":{"line":96,"column":32},"end":{"line":96,"column":45}},{"start":{"line":96,"column":48},"end":{"line":96,"column":67}}],"line":96},"5":{"loc":{"start":{"line":98,"column":13},"end":{"line":104,"column":13}},"type":"binary-expr","locations":[{"start":{"line":98,"column":13},"end":{"line":98,"column":22}},{"start":{"line":99,"column":14},"end":{"line":103,"column":16}}],"line":98},"6":{"loc":{"start":{"line":105,"column":13},"end":{"line":107,"column":13}},"type":"binary-expr","locations":[{"start":{"line":105,"column":13},"end":{"line":105,"column":22}},{"start":{"line":106,"column":14},"end":{"line":106,"column":68}}],"line":105},"7":{"loc":{"start":{"line":119,"column":14},"end":{"line":119,"column":68}},"type":"cond-expr","locations":[{"start":{"line":119,"column":25},"end":{"line":119,"column":44}},{"start":{"line":119,"column":47},"end":{"line":119,"column":68}}],"line":119},"8":{"loc":{"start":{"line":122,"column":7},"end":{"line":132,"column":7}},"type":"binary-expr","locations":[{"start":{"line":122,"column":7},"end":{"line":122,"column":17}},{"start":{"line":123,"column":8},"end":{"line":131,"column":10}}],"line":122}},"s":{"0":4,"1":19,"2":18,"3":18,"4":18,"5":18,"6":18,"7":18,"8":18,"9":18,"10":18,"11":1,"12":1,"13":1,"14":1,"15":1,"16":18,"17":1,"18":1,"19":0,"20":1,"21":1,"22":1,"23":1,"24":1,"25":1,"26":18,"27":1,"28":1,"29":18,"30":0,"31":0,"32":18,"33":0,"34":0,"35":0,"36":0,"37":0,"38":18,"39":4,"40":4,"41":18,"42":1,"43":2},"f":{"0":19,"1":1,"2":1,"3":1,"4":1,"5":1,"6":0,"7":0,"8":4,"9":4,"10":1,"11":2},"b":{"0":[0,1],"1":[18,8],"2":[8,3],"3":[8,5],"4":[3,5],"5":[8,3],"6":[8,0],"7":[8,10],"8":[18,3]},"_coverageSchema":"1a1c01bbd47fc00a2c39e90264f33305004495a9","hash":"6e7dd526778db4b201199d17fa1e2f0bd512f691"}
,"C:\\Users\\iqles\\OneDrive\\Рабочий стол\\rock star\\todolist\\src\\shared\\unused\\EditTask.tsx": {"path":"C:\\Users\\iqles\\OneDrive\\Рабочий стол\\rock star\\todolist\\src\\shared\\unused\\EditTask.tsx","statementMap":{},"fnMap":{},"branchMap":{},"s":{},"f":{},"b":{}}
,"C:\\Users\\iqles\\OneDrive\\Рабочий стол\\rock star\\todolist\\src\\shared\\unused\\Panel.tsx": {"path":"C:\\Users\\iqles\\OneDrive\\Рабочий стол\\rock star\\todolist\\src\\shared\\unused\\Panel.tsx","statementMap":{},"fnMap":{},"branchMap":{},"s":{},"f":{},"b":{}}
,"C:\\Users\\iqles\\OneDrive\\Рабочий стол\\rock star\\todolist\\src\\shared\\unused\\SubItemSq.tsx": {"path":"C:\\Users\\iqles\\OneDrive\\Рабочий стол\\rock star\\todolist\\src\\shared\\unused\\SubItemSq.tsx","statementMap":{},"fnMap":{},"branchMap":{},"s":{},"f":{},"b":{}}
}
