{"C:\\Users\\iqles\\OneDrive\\Рабочий стол\\rock star\\todolist\\src\\App.tsx": {"path":"C:\\Users\\iqles\\OneDrive\\Рабочий стол\\rock star\\todolist\\src\\App.tsx","statementMap":{"0":{"start":{"line":11,"column":26},"end":{"line":11,"column":55}},"1":{"start":{"line":12,"column":28},"end":{"line":12,"column":44}},"2":{"start":{"line":14,"column":24},"end":{"line":23,"column":3}},"3":{"start":{"line":15,"column":21},"end":{"line":15,"column":56}},"4":{"start":{"line":16,"column":4},"end":{"line":22,"column":8}},"5":{"start":{"line":17,"column":6},"end":{"line":22,"column":8}},"6":{"start":{"line":25,"column":2},"end":{"line":48,"column":4}},"7":{"start":{"line":34,"column":27},"end":{"line":34,"column":42}}},"fnMap":{"0":{"name":"App","decl":{"start":{"line":10,"column":9},"end":{"line":10,"column":12}},"loc":{"start":{"line":10,"column":15},"end":{"line":49,"column":1}},"line":10},"1":{"name":"(anonymous_1)","decl":{"start":{"line":14,"column":24},"end":{"line":14,"column":25}},"loc":{"start":{"line":14,"column":30},"end":{"line":23,"column":3}},"line":14},"2":{"name":"(anonymous_2)","decl":{"start":{"line":34,"column":21},"end":{"line":34,"column":22}},"loc":{"start":{"line":34,"column":27},"end":{"line":34,"column":42}},"line":34}},"branchMap":{"0":{"loc":{"start":{"line":15,"column":21},"end":{"line":15,"column":56}},"type":"cond-expr","locations":[{"start":{"line":15,"column":40},"end":{"line":15,"column":47}},{"start":{"line":15,"column":50},"end":{"line":15,"column":56}}],"line":15},"1":{"loc":{"start":{"line":16,"column":4},"end":{"line":22,"column":8}},"type":"if","locations":[{"start":{"line":16,"column":4},"end":{"line":22,"column":8}},{"start":{},"end":{}}],"line":16},"2":{"loc":{"start":{"line":32,"column":26},"end":{"line":32,"column":67}},"type":"cond-expr","locations":[{"start":{"line":32,"column":45},"end":{"line":32,"column":55}},{"start":{"line":32,"column":58},"end":{"line":32,"column":67}}],"line":32},"3":{"loc":{"start":{"line":37,"column":39},"end":{"line":37,"column":72}},"type":"cond-expr","locations":[{"start":{"line":37,"column":58},"end":{"line":37,"column":64}},{"start":{"line":37,"column":67},"end":{"line":37,"column":72}}],"line":37}},"s":{"0":1,"1":1,"2":1,"3":1,"4":1,"5":1,"6":1,"7":1},"f":{"0":1,"1":1,"2":1},"b":{"0":[1,0],"1":[1,0],"2":[1,0],"3":[1,0]},"_coverageSchema":"1a1c01bbd47fc00a2c39e90264f33305004495a9","hash":"7180f93b98d38db687467bf49149b6130bcf23e2"}
,"C:\\Users\\iqles\\OneDrive\\Рабочий стол\\rock star\\todolist\\src\\ai\\AIUI.tsx": {"path":"C:\\Users\\iqles\\OneDrive\\Рабочий стол\\rock star\\todolist\\src\\ai\\AIUI.tsx","statementMap":{},"fnMap":{},"branchMap":{},"s":{},"f":{},"b":{}}
,"C:\\Users\\iqles\\OneDrive\\Рабочий стол\\rock star\\todolist\\src\\components\\TodoItem.tsx": {"path":"C:\\Users\\iqles\\OneDrive\\Рабочий стол\\rock star\\todolist\\src\\components\\TodoItem.tsx","statementMap":{"0":{"start":{"line":15,"column":69},"end":{"line":245,"column":1}}},"fnMap":{},"branchMap":{},"s":{"0":2},"f":{},"b":{},"_coverageSchema":"1a1c01bbd47fc00a2c39e90264f33305004495a9","hash":"4dea5df94be08d421d6c251cee7c3340dd2e57c7"}
,"C:\\Users\\iqles\\OneDrive\\Рабочий стол\\rock star\\todolist\\src\\components\\TodoList.tsx": {"path":"C:\\Users\\iqles\\OneDrive\\Рабочий стол\\rock star\\todolist\\src\\components\\TodoList.tsx","statementMap":{"0":{"start":{"line":5,"column":54},"end":{"line":17,"column":1}}},"fnMap":{},"branchMap":{},"s":{"0":1},"f":{},"b":{},"_coverageSchema":"1a1c01bbd47fc00a2c39e90264f33305004495a9","hash":"7809b089d877329e4087f8fc969401beb1180f94"}
,"C:\\Users\\iqles\\OneDrive\\Рабочий стол\\rock star\\todolist\\src\\components\\ztrash.jsx": {"path":"C:\\Users\\iqles\\OneDrive\\Рабочий стол\\rock star\\todolist\\src\\components\\ztrash.jsx","statementMap":{},"fnMap":{},"branchMap":{},"s":{},"f":{},"b":{}}
,"C:\\Users\\iqles\\OneDrive\\Рабочий стол\\rock star\\todolist\\src\\components\\sub\\SubTask.tsx": {"path":"C:\\Users\\iqles\\OneDrive\\Рабочий стол\\rock star\\todolist\\src\\components\\sub\\SubTask.tsx","statementMap":{"0":{"start":{"line":11,"column":40},"end":{"line":60,"column":1}},"1":{"start":{"line":12,"column":19},"end":{"line":12,"column":24}},"2":{"start":{"line":13,"column":40},"end":{"line":13,"column":56}},"3":{"start":{"line":15,"column":58},"end":{"line":20,"column":3}},"4":{"start":{"line":22,"column":27},"end":{"line":24,"column":3}},"5":{"start":{"line":23,"column":4},"end":{"line":23,"column":19}},"6":{"start":{"line":26,"column":2},"end":{"line":59,"column":4}},"7":{"start":{"line":29,"column":8},"end":{"line":56,"column":11}},"8":{"start":{"line":39,"column":33},"end":{"line":39,"column":61}}},"fnMap":{"0":{"name":"(anonymous_0)","decl":{"start":{"line":11,"column":40},"end":{"line":11,"column":41}},"loc":{"start":{"line":11,"column":51},"end":{"line":60,"column":1}},"line":11},"1":{"name":"(anonymous_1)","decl":{"start":{"line":22,"column":27},"end":{"line":22,"column":28}},"loc":{"start":{"line":22,"column":43},"end":{"line":24,"column":3}},"line":22},"2":{"name":"(anonymous_2)","decl":{"start":{"line":28,"column":25},"end":{"line":28,"column":26}},"loc":{"start":{"line":29,"column":8},"end":{"line":56,"column":11}},"line":29},"3":{"name":"(anonymous_3)","decl":{"start":{"line":39,"column":27},"end":{"line":39,"column":28}},"loc":{"start":{"line":39,"column":33},"end":{"line":39,"column":61}},"line":39}},"branchMap":{"0":{"loc":{"start":{"line":38,"column":24},"end":{"line":38,"column":73}},"type":"cond-expr","locations":[{"start":{"line":38,"column":44},"end":{"line":38,"column":57}},{"start":{"line":38,"column":60},"end":{"line":38,"column":73}}],"line":38},"1":{"loc":{"start":{"line":41,"column":32},"end":{"line":41,"column":77}},"type":"cond-expr","locations":[{"start":{"line":41,"column":52},"end":{"line":41,"column":68}},{"start":{"line":41,"column":71},"end":{"line":41,"column":77}}],"line":41}},"s":{"0":3,"1":5,"2":4,"3":4,"4":4,"5":2,"6":4,"7":4,"8":2},"f":{"0":5,"1":2,"2":4,"3":2},"b":{"0":[0,4],"1":[0,4]},"_coverageSchema":"1a1c01bbd47fc00a2c39e90264f33305004495a9","hash":"adfce0133f6359ef77e69a6cf6a82061236f403f"}
,"C:\\Users\\iqles\\OneDrive\\Рабочий стол\\rock star\\todolist\\src\\components\\sub\\SubTaskLowest.tsx": {"path":"C:\\Users\\iqles\\OneDrive\\Рабочий стол\\rock star\\todolist\\src\\components\\sub\\SubTaskLowest.tsx","statementMap":{"0":{"start":{"line":12,"column":52},"end":{"line":42,"column":1}},"1":{"start":{"line":13,"column":68},"end":{"line":13,"column":73}},"2":{"start":{"line":15,"column":2},"end":{"line":41,"column":4}},"3":{"start":{"line":24,"column":25},"end":{"line":24,"column":50}},"4":{"start":{"line":38,"column":23},"end":{"line":38,"column":64}}},"fnMap":{"0":{"name":"(anonymous_0)","decl":{"start":{"line":12,"column":52},"end":{"line":12,"column":53}},"loc":{"start":{"line":12,"column":63},"end":{"line":42,"column":1}},"line":12},"1":{"name":"(anonymous_1)","decl":{"start":{"line":24,"column":19},"end":{"line":24,"column":20}},"loc":{"start":{"line":24,"column":25},"end":{"line":24,"column":50}},"line":24},"2":{"name":"(anonymous_2)","decl":{"start":{"line":38,"column":17},"end":{"line":38,"column":18}},"loc":{"start":{"line":38,"column":23},"end":{"line":38,"column":64}},"line":38}},"branchMap":{"0":{"loc":{"start":{"line":23,"column":16},"end":{"line":23,"column":62}},"type":"cond-expr","locations":[{"start":{"line":23,"column":33},"end":{"line":23,"column":46}},{"start":{"line":23,"column":49},"end":{"line":23,"column":62}}],"line":23},"1":{"loc":{"start":{"line":28,"column":21},"end":{"line":28,"column":63}},"type":"cond-expr","locations":[{"start":{"line":28,"column":38},"end":{"line":28,"column":54}},{"start":{"line":28,"column":57},"end":{"line":28,"column":63}}],"line":28}},"s":{"0":5,"1":7,"2":7,"3":2,"4":2},"f":{"0":7,"1":2,"2":2},"b":{"0":[0,7],"1":[0,7]},"_coverageSchema":"1a1c01bbd47fc00a2c39e90264f33305004495a9","hash":"cae034fa857ed57b3e487b7a4dcf6f9f683d85de"}
,"C:\\Users\\iqles\\OneDrive\\Рабочий стол\\rock star\\todolist\\src\\components\\sub\\SubTaskSq.tsx": {"path":"C:\\Users\\iqles\\OneDrive\\Рабочий стол\\rock star\\todolist\\src\\components\\sub\\SubTaskSq.tsx","statementMap":{"0":{"start":{"line":10,"column":44},"end":{"line":40,"column":1}},"1":{"start":{"line":11,"column":22},"end":{"line":11,"column":27}},"2":{"start":{"line":12,"column":40},"end":{"line":12,"column":56}},"3":{"start":{"line":15,"column":27},"end":{"line":17,"column":3}},"4":{"start":{"line":16,"column":4},"end":{"line":16,"column":19}},"5":{"start":{"line":18,"column":31},"end":{"line":21,"column":3}},"6":{"start":{"line":19,"column":4},"end":{"line":19,"column":38}},"7":{"start":{"line":20,"column":4},"end":{"line":20,"column":32}},"8":{"start":{"line":23,"column":2},"end":{"line":39,"column":4}},"9":{"start":{"line":28,"column":12},"end":{"line":34,"column":14}}},"fnMap":{"0":{"name":"(anonymous_0)","decl":{"start":{"line":10,"column":44},"end":{"line":10,"column":45}},"loc":{"start":{"line":10,"column":55},"end":{"line":40,"column":1}},"line":10},"1":{"name":"(anonymous_1)","decl":{"start":{"line":15,"column":27},"end":{"line":15,"column":28}},"loc":{"start":{"line":15,"column":43},"end":{"line":17,"column":3}},"line":15},"2":{"name":"(anonymous_2)","decl":{"start":{"line":18,"column":31},"end":{"line":18,"column":32}},"loc":{"start":{"line":18,"column":65},"end":{"line":21,"column":3}},"line":18},"3":{"name":"(anonymous_3)","decl":{"start":{"line":27,"column":32},"end":{"line":27,"column":33}},"loc":{"start":{"line":28,"column":12},"end":{"line":34,"column":14}},"line":28}},"branchMap":{"0":{"loc":{"start":{"line":25,"column":7},"end":{"line":37,"column":7}},"type":"binary-expr","locations":[{"start":{"line":25,"column":7},"end":{"line":25,"column":34}},{"start":{"line":26,"column":8},"end":{"line":36,"column":13}}],"line":25}},"s":{"0":4,"1":10,"2":10,"3":10,"4":2,"5":10,"6":2,"7":2,"8":10,"9":6},"f":{"0":10,"1":2,"2":2,"3":6},"b":{"0":[10,6]},"_coverageSchema":"1a1c01bbd47fc00a2c39e90264f33305004495a9","hash":"addd9483e4ebc12f01ae4d7ae95ce5cb91e16f19"}
,"C:\\Users\\iqles\\OneDrive\\Рабочий стол\\rock star\\todolist\\src\\context\\ThemeContext.js": {"path":"C:\\Users\\iqles\\OneDrive\\Рабочий стол\\rock star\\todolist\\src\\context\\ThemeContext.js","statementMap":{},"fnMap":{},"branchMap":{},"s":{},"f":{},"b":{}}
,"C:\\Users\\iqles\\OneDrive\\Рабочий стол\\rock star\\todolist\\src\\context\\TodoContext.tsx": {"path":"C:\\Users\\iqles\\OneDrive\\Рабочий стол\\rock star\\todolist\\src\\context\\TodoContext.tsx","statementMap":{"0":{"start":{"line":37,"column":20},"end":{"line":37,"column":74}},"1":{"start":{"line":39,"column":18},"end":{"line":39,"column":19}},"2":{"start":{"line":42,"column":50},"end":{"line":62,"column":1}},"3":{"start":{"line":65,"column":52},"end":{"line":79,"column":1}},"4":{"start":{"line":97,"column":54},"end":{"line":265,"column":1}},"5":{"start":{"line":267,"column":63},"end":{"line":367,"column":1}},"6":{"start":{"line":270,"column":28},"end":{"line":270,"column":55}},"7":{"start":{"line":271,"column":40},"end":{"line":271,"column":55}},"8":{"start":{"line":273,"column":2},"end":{"line":278,"column":9}},"9":{"start":{"line":275,"column":24},"end":{"line":275,"column":73}},"10":{"start":{"line":276,"column":4},"end":{"line":276,"column":59}},"11":{"start":{"line":277,"column":4},"end":{"line":277,"column":25}},"12":{"start":{"line":280,"column":2},"end":{"line":284,"column":14}},"13":{"start":{"line":281,"column":4},"end":{"line":283,"column":5}},"14":{"start":{"line":282,"column":6},"end":{"line":282,"column":59}},"15":{"start":{"line":286,"column":18},"end":{"line":301,"column":3}},"16":{"start":{"line":288,"column":20},"end":{"line":295,"column":5}},"17":{"start":{"line":296,"column":25},"end":{"line":296,"column":44}},"18":{"start":{"line":298,"column":4},"end":{"line":298,"column":64}},"19":{"start":{"line":300,"column":4},"end":{"line":300,"column":61}},"20":{"start":{"line":302,"column":48},"end":{"line":304,"column":3}},"21":{"start":{"line":305,"column":50},"end":{"line":310,"column":3}},"22":{"start":{"line":312,"column":21},"end":{"line":314,"column":3}},"23":{"start":{"line":313,"column":4},"end":{"line":313,"column":57}},"24":{"start":{"line":317,"column":44},"end":{"line":323,"column":3}},"25":{"start":{"line":324,"column":20},"end":{"line":326,"column":3}},"26":{"start":{"line":325,"column":4},"end":{"line":325,"column":71}},"27":{"start":{"line":336,"column":48},"end":{"line":341,"column":3}},"28":{"start":{"line":342,"column":24},"end":{"line":348,"column":3}},"29":{"start":{"line":343,"column":4},"end":{"line":343,"column":57}},"30":{"start":{"line":344,"column":4},"end":{"line":347,"column":7}},"31":{"start":{"line":350,"column":2},"end":{"line":366,"column":4}},"32":{"start":{"line":369,"column":57},"end":{"line":375,"column":1}}},"fnMap":{"0":{"name":"(anonymous_0)","decl":{"start":{"line":267,"column":63},"end":{"line":267,"column":64}},"loc":{"start":{"line":269,"column":6},"end":{"line":367,"column":1}},"line":269},"1":{"name":"(anonymous_1)","decl":{"start":{"line":273,"column":12},"end":{"line":273,"column":13}},"loc":{"start":{"line":273,"column":18},"end":{"line":278,"column":3}},"line":273},"2":{"name":"(anonymous_2)","decl":{"start":{"line":280,"column":12},"end":{"line":280,"column":13}},"loc":{"start":{"line":280,"column":18},"end":{"line":284,"column":3}},"line":280},"3":{"name":"(anonymous_3)","decl":{"start":{"line":286,"column":18},"end":{"line":286,"column":19}},"loc":{"start":{"line":286,"column":51},"end":{"line":301,"column":3}},"line":286},"4":{"name":"(anonymous_4)","decl":{"start":{"line":312,"column":21},"end":{"line":312,"column":22}},"loc":{"start":{"line":312,"column":43},"end":{"line":314,"column":3}},"line":312},"5":{"name":"(anonymous_5)","decl":{"start":{"line":324,"column":20},"end":{"line":324,"column":21}},"loc":{"start":{"line":324,"column":58},"end":{"line":326,"column":3}},"line":324},"6":{"name":"(anonymous_6)","decl":{"start":{"line":342,"column":24},"end":{"line":342,"column":25}},"loc":{"start":{"line":342,"column":71},"end":{"line":348,"column":3}},"line":342}},"branchMap":{"0":{"loc":{"start":{"line":275,"column":35},"end":{"line":275,"column":72}},"type":"binary-expr","locations":[{"start":{"line":275,"column":35},"end":{"line":275,"column":64}},{"start":{"line":275,"column":68},"end":{"line":275,"column":72}}],"line":275},"1":{"loc":{"start":{"line":281,"column":4},"end":{"line":283,"column":5}},"type":"if","locations":[{"start":{"line":281,"column":4},"end":{"line":283,"column":5}},{"start":{},"end":{}}],"line":281},"2":{"loc":{"start":{"line":281,"column":8},"end":{"line":281,"column":37}},"type":"binary-expr","locations":[{"start":{"line":281,"column":8},"end":{"line":281,"column":13}},{"start":{"line":281,"column":17},"end":{"line":281,"column":37}}],"line":281}},"s":{"0":8,"1":8,"2":8,"3":8,"4":8,"5":8,"6":42,"7":42,"8":42,"9":16,"10":16,"11":16,"12":42,"13":42,"14":26,"15":42,"16":1,"17":1,"18":1,"19":1,"20":42,"21":42,"22":42,"23":6,"24":42,"25":42,"26":1,"27":42,"28":42,"29":2,"30":2,"31":42,"32":8},"f":{"0":42,"1":16,"2":42,"3":1,"4":6,"5":1,"6":2},"b":{"0":[16,7],"1":[26,16],"2":[42,42]},"_coverageSchema":"1a1c01bbd47fc00a2c39e90264f33305004495a9","hash":"b618e743d2398acc4dceb7f7100409bbdb0a6001"}
,"C:\\Users\\iqles\\OneDrive\\Рабочий стол\\rock star\\todolist\\src\\shared\\Dialog.tsx": {"path":"C:\\Users\\iqles\\OneDrive\\Рабочий стол\\rock star\\todolist\\src\\shared\\Dialog.tsx","statementMap":{"0":{"start":{"line":36,"column":65},"end":{"line":143,"column":1}}},"fnMap":{},"branchMap":{},"s":{"0":5},"f":{},"b":{},"_coverageSchema":"1a1c01bbd47fc00a2c39e90264f33305004495a9","hash":"86f8c0bdb83702130a4e6545238897d71e131d04"}
,"C:\\Users\\iqles\\OneDrive\\Рабочий стол\\rock star\\todolist\\src\\shared\\Input.tsx": {"path":"C:\\Users\\iqles\\OneDrive\\Рабочий стол\\rock star\\todolist\\src\\shared\\Input.tsx","statementMap":{"0":{"start":{"line":7,"column":14},"end":{"line":50,"column":1}},"1":{"start":{"line":8,"column":28},"end":{"line":8,"column":40}},"2":{"start":{"line":9,"column":22},"end":{"line":9,"column":38}},"3":{"start":{"line":11,"column":24},"end":{"line":19,"column":3}},"4":{"start":{"line":12,"column":4},"end":{"line":12,"column":23}},"5":{"start":{"line":13,"column":4},"end":{"line":16,"column":5}},"6":{"start":{"line":14,"column":6},"end":{"line":14,"column":13}},"7":{"start":{"line":15,"column":6},"end":{"line":15,"column":13}},"8":{"start":{"line":17,"column":4},"end":{"line":17,"column":22}},"9":{"start":{"line":18,"column":4},"end":{"line":18,"column":17}},"10":{"start":{"line":20,"column":16},"end":{"line":20,"column":35}},"11":{"start":{"line":21,"column":15},"end":{"line":28,"column":3}},"12":{"start":{"line":22,"column":4},"end":{"line":27,"column":7}},"13":{"start":{"line":30,"column":2},"end":{"line":49,"column":4}},"14":{"start":{"line":38,"column":27},"end":{"line":38,"column":51}}},"fnMap":{"0":{"name":"(anonymous_0)","decl":{"start":{"line":7,"column":14},"end":{"line":7,"column":15}},"loc":{"start":{"line":7,"column":20},"end":{"line":50,"column":1}},"line":7},"1":{"name":"(anonymous_1)","decl":{"start":{"line":11,"column":24},"end":{"line":11,"column":25}},"loc":{"start":{"line":11,"column":36},"end":{"line":19,"column":3}},"line":11},"2":{"name":"(anonymous_2)","decl":{"start":{"line":21,"column":15},"end":{"line":21,"column":16}},"loc":{"start":{"line":21,"column":21},"end":{"line":28,"column":3}},"line":21},"3":{"name":"(anonymous_3)","decl":{"start":{"line":38,"column":20},"end":{"line":38,"column":21}},"loc":{"start":{"line":38,"column":27},"end":{"line":38,"column":51}},"line":38}},"branchMap":{"0":{"loc":{"start":{"line":13,"column":4},"end":{"line":16,"column":5}},"type":"if","locations":[{"start":{"line":13,"column":4},"end":{"line":16,"column":5}},{"start":{},"end":{}}],"line":13},"1":{"loc":{"start":{"line":13,"column":8},"end":{"line":13,"column":37}},"type":"binary-expr","locations":[{"start":{"line":13,"column":8},"end":{"line":13,"column":14}},{"start":{"line":13,"column":18},"end":{"line":13,"column":37}}],"line":13}},"s":{"0":2,"1":8,"2":8,"3":8,"4":2,"5":2,"6":1,"7":1,"8":1,"9":1,"10":8,"11":8,"12":1,"13":8,"14":1},"f":{"0":8,"1":2,"2":1,"3":1},"b":{"0":[1,1],"1":[2,1]},"_coverageSchema":"1a1c01bbd47fc00a2c39e90264f33305004495a9","hash":"59bbca588b32b4b30afbfc12868c02cc9bfabbf0"}
,"C:\\Users\\iqles\\OneDrive\\Рабочий стол\\rock star\\todolist\\src\\shared\\SubTaskInput.tsx": {"path":"C:\\Users\\iqles\\OneDrive\\Рабочий стол\\rock star\\todolist\\src\\shared\\SubTaskInput.tsx","statementMap":{"0":{"start":{"line":14,"column":77},"end":{"line":154,"column":1}}},"fnMap":{},"branchMap":{},"s":{"0":4},"f":{},"b":{},"_coverageSchema":"1a1c01bbd47fc00a2c39e90264f33305004495a9","hash":"02142f80adc04565244352de6f965a124f20ad90"}
,"C:\\Users\\iqles\\OneDrive\\Рабочий стол\\rock star\\todolist\\src\\shared\\unused\\EditTask.tsx": {"path":"C:\\Users\\iqles\\OneDrive\\Рабочий стол\\rock star\\todolist\\src\\shared\\unused\\EditTask.tsx","statementMap":{},"fnMap":{},"branchMap":{},"s":{},"f":{},"b":{}}
,"C:\\Users\\iqles\\OneDrive\\Рабочий стол\\rock star\\todolist\\src\\shared\\unused\\Panel.tsx": {"path":"C:\\Users\\iqles\\OneDrive\\Рабочий стол\\rock star\\todolist\\src\\shared\\unused\\Panel.tsx","statementMap":{},"fnMap":{},"branchMap":{},"s":{},"f":{},"b":{}}
,"C:\\Users\\iqles\\OneDrive\\Рабочий стол\\rock star\\todolist\\src\\shared\\unused\\SubItemSq.tsx": {"path":"C:\\Users\\iqles\\OneDrive\\Рабочий стол\\rock star\\todolist\\src\\shared\\unused\\SubItemSq.tsx","statementMap":{},"fnMap":{},"branchMap":{},"s":{},"f":{},"b":{}}
}
