TN:
SF:src\App.tsx
FN:10,App
FN:14,(anonymous_1)
FN:21,(anonymous_2)
FN:34,(anonymous_3)
FNF:4
FNH:3
FNDA:1,App
FNDA:1,(anonymous_1)
FNDA:0,(anonymous_2)
FNDA:1,(anonymous_3)
DA:11,1
DA:12,1
DA:14,1
DA:15,1
DA:16,1
DA:17,1
DA:21,0
DA:25,1
DA:34,1
LF:9
LH:8
BRDA:15,0,0,1
BRDA:15,0,1,0
BRDA:16,1,0,1
BRDA:16,1,1,0
BRDA:32,2,0,1
BRDA:32,2,1,0
BRDA:37,3,0,1
BRDA:37,3,1,0
BRF:8
BRH:4
end_of_record
TN:
SF:src\ai\AIUI.tsx
FNF:0
FNH:0
LF:0
LH:0
BRF:0
BRH:0
end_of_record
TN:
SF:src\components\TodoItem.tsx
FN:13,(anonymous_0)
FN:47,(anonymous_1)
FN:51,(anonymous_2)
FN:65,(anonymous_3)
FN:69,(anonymous_4)
FN:73,(anonymous_5)
FN:85,(anonymous_6)
FN:97,(anonymous_7)
FN:100,(anonymous_8)
FN:108,(anonymous_9)
FN:109,(anonymous_10)
FN:118,(anonymous_11)
FN:135,(anonymous_12)
FN:153,(anonymous_13)
FN:158,(anonymous_14)
FN:164,(anonymous_15)
FN:164,(anonymous_16)
FN:171,(anonymous_17)
FNF:18
FNH:15
FNDA:24,(anonymous_0)
FNDA:1,(anonymous_1)
FNDA:0,(anonymous_2)
FNDA:1,(anonymous_3)
FNDA:2,(anonymous_4)
FNDA:0,(anonymous_5)
FNDA:1,(anonymous_6)
FNDA:1,(anonymous_7)
FNDA:0,(anonymous_8)
FNDA:4,(anonymous_9)
FNDA:4,(anonymous_10)
FNDA:2,(anonymous_11)
FNDA:1,(anonymous_12)
FNDA:1,(anonymous_13)
FNDA:1,(anonymous_14)
FNDA:1,(anonymous_15)
FNDA:1,(anonymous_16)
FNDA:2,(anonymous_17)
DA:13,2
DA:14,24
DA:22,23
DA:24,23
DA:25,23
DA:26,23
DA:27,23
DA:28,23
DA:29,23
DA:31,23
DA:32,23
DA:33,23
DA:35,23
DA:36,23
DA:39,23
DA:44,23
DA:47,23
DA:48,1
DA:51,23
DA:52,0
DA:54,0
DA:55,0
DA:56,0
DA:57,0
DA:58,0
DA:60,0
DA:63,23
DA:65,23
DA:66,1
DA:69,23
DA:70,2
DA:73,23
DA:74,0
DA:75,0
DA:76,0
DA:77,0
DA:78,0
DA:79,0
DA:81,0
DA:85,23
DA:86,1
DA:87,1
DA:88,1
DA:89,1
DA:90,1
DA:91,1
DA:92,1
DA:93,1
DA:94,1
DA:97,23
DA:98,1
DA:100,23
DA:101,0
DA:102,0
DA:103,0
DA:104,0
DA:105,0
DA:108,23
DA:109,4
DA:111,23
DA:118,2
DA:135,1
DA:153,1
DA:158,1
DA:164,1
DA:171,2
LF:66
LH:47
BRDA:54,0,0,0
BRDA:54,0,1,0
BRDA:63,1,0,23
BRDA:63,1,1,20
BRDA:66,2,0,1
BRDA:66,2,1,0
BRDA:75,3,0,0
BRDA:75,3,1,0
BRDA:119,4,0,0
BRDA:119,4,1,23
BRDA:121,5,0,0
BRDA:121,5,1,23
BRDA:125,6,0,23
BRDA:125,6,1,20
BRDA:142,7,0,23
BRDA:142,7,1,12
BRDA:160,8,0,12
BRDA:160,8,1,12
BRDA:163,9,0,2
BRDA:163,9,1,10
BRDA:177,10,0,12
BRDA:177,10,1,11
BRDA:182,11,0,23
BRDA:182,11,1,23
BRDA:182,11,2,2
BRDA:192,12,0,20
BRDA:192,12,1,3
BRDA:193,13,0,20
BRDA:193,13,1,3
BRDA:194,14,0,20
BRDA:194,14,1,3
BRF:31
BRH:24
end_of_record
TN:
SF:src\components\ztrash.jsx
FNF:0
FNH:0
LF:0
LH:0
BRF:0
BRH:0
end_of_record
TN:
SF:src\components\sub\SubTask.tsx
FN:11,(anonymous_0)
FN:15,(anonymous_1)
FN:19,(anonymous_2)
FN:25,(anonymous_3)
FN:32,(anonymous_4)
FNF:5
FNH:4
FNDA:8,(anonymous_0)
FNDA:0,(anonymous_1)
FNDA:2,(anonymous_2)
FNDA:6,(anonymous_3)
FNDA:2,(anonymous_4)
DA:11,3
DA:12,8
DA:13,6
DA:15,6
DA:16,0
DA:19,6
DA:20,2
DA:23,6
DA:26,6
DA:32,2
LF:10
LH:9
BRDA:33,0,0,0
BRDA:33,0,1,6
BRDA:35,1,0,0
BRDA:35,1,1,6
BRF:4
BRH:2
end_of_record
TN:
SF:src\components\sub\SubTaskSq.tsx
FN:10,(anonymous_0)
FN:15,(anonymous_1)
FN:18,(anonymous_2)
FN:27,(anonymous_3)
FNF:4
FNH:2
FNDA:8,(anonymous_0)
FNDA:0,(anonymous_1)
FNDA:0,(anonymous_2)
FNDA:2,(anonymous_3)
DA:10,4
DA:11,8
DA:12,8
DA:15,8
DA:16,0
DA:18,8
DA:19,0
DA:20,0
DA:23,8
DA:28,2
LF:10
LH:7
BRDA:25,0,0,8
BRDA:25,0,1,2
BRF:2
BRH:2
end_of_record
TN:
SF:src\context\ThemeContext.js
FNF:0
FNH:0
LF:0
LH:0
BRF:0
BRH:0
end_of_record
TN:
SF:src\context\TodoContext.tsx
FN:42,(anonymous_0)
FN:47,(anonymous_1)
FN:65,(anonymous_2)
FN:66,(anonymous_3)
FN:70,(anonymous_4)
FN:82,(anonymous_5)
FN:97,(anonymous_6)
FN:117,(anonymous_7)
FN:120,(anonymous_8)
FN:125,(anonymous_9)
FN:126,(anonymous_10)
FN:129,(anonymous_11)
FN:130,(anonymous_12)
FN:132,(anonymous_13)
FN:161,(anonymous_14)
FN:167,(anonymous_15)
FN:211,(anonymous_16)
FN:212,(anonymous_17)
FN:238,(anonymous_18)
FN:239,(anonymous_19)
FN:245,(anonymous_20)
FN:267,(anonymous_21)
FN:273,(anonymous_22)
FN:280,(anonymous_23)
FN:286,(anonymous_24)
FN:302,(anonymous_25)
FN:305,(anonymous_26)
FN:309,(anonymous_27)
FN:314,(anonymous_28)
FN:317,(anonymous_29)
FN:329,(anonymous_30)
FN:332,(anonymous_31)
FN:359,(anonymous_32)
FNF:33
FNH:23
FNDA:3,(anonymous_0)
FNDA:1,(anonymous_1)
FNDA:6,(anonymous_2)
FNDA:2,(anonymous_3)
FNDA:0,(anonymous_4)
FNDA:0,(anonymous_5)
FNDA:31,(anonymous_6)
FNDA:0,(anonymous_7)
FNDA:1,(anonymous_8)
FNDA:7,(anonymous_9)
FNDA:3,(anonymous_10)
FNDA:1,(anonymous_11)
FNDA:1,(anonymous_12)
FNDA:0,(anonymous_13)
FNDA:0,(anonymous_14)
FNDA:0,(anonymous_15)
FNDA:1,(anonymous_16)
FNDA:1,(anonymous_17)
FNDA:3,(anonymous_18)
FNDA:3,(anonymous_19)
FNDA:2,(anonymous_20)
FNDA:41,(anonymous_21)
FNDA:17,(anonymous_22)
FNDA:41,(anonymous_23)
FNDA:1,(anonymous_24)
FNDA:1,(anonymous_25)
FNDA:0,(anonymous_26)
FNDA:4,(anonymous_27)
FNDA:0,(anonymous_28)
FNDA:1,(anonymous_29)
FNDA:0,(anonymous_30)
FNDA:0,(anonymous_31)
FNDA:54,(anonymous_32)
DA:37,8
DA:39,8
DA:42,8
DA:47,3
DA:48,1
DA:50,1
DA:51,0
DA:53,0
DA:59,0
DA:65,8
DA:66,6
DA:67,2
DA:69,0
DA:70,0
DA:72,0
DA:73,0
DA:76,2
DA:82,8
DA:83,0
DA:84,0
DA:85,0
DA:88,0
DA:89,0
DA:90,0
DA:94,0
DA:97,8
DA:101,31
DA:104,1
DA:116,1
DA:117,1
DA:119,1
DA:120,1
DA:123,6
DA:125,6
DA:126,7
DA:127,3
DA:128,2
DA:129,1
DA:130,1
DA:131,1
DA:132,0
DA:137,2
DA:138,1
DA:140,1
DA:143,0
DA:148,6
DA:151,6
DA:153,6
DA:156,17
DA:160,1
DA:161,1
DA:166,1
DA:167,1
DA:209,1
DA:211,1
DA:212,1
DA:213,1
DA:234,1
DA:237,2
DA:238,2
DA:239,3
DA:240,3
DA:242,2
DA:245,2
DA:248,1
DA:250,1
DA:253,0
DA:258,2
DA:260,2
DA:263,0
DA:267,8
DA:270,41
DA:271,41
DA:273,41
DA:275,17
DA:276,17
DA:277,17
DA:280,41
DA:281,41
DA:282,24
DA:286,41
DA:288,1
DA:296,1
DA:298,1
DA:300,1
DA:302,41
DA:303,1
DA:305,41
DA:306,0
DA:309,41
DA:310,4
DA:314,41
DA:315,0
DA:317,41
DA:318,1
DA:329,41
DA:330,0
DA:332,41
DA:333,0
DA:334,0
DA:340,41
DA:359,8
DA:360,54
DA:361,54
DA:362,0
DA:364,54
LF:106
LH:82
BRDA:48,0,0,1
BRDA:48,0,1,0
BRDA:51,1,0,0
BRDA:51,1,1,0
BRDA:67,2,0,0
BRDA:67,2,1,2
BRDA:67,3,0,2
BRDA:67,3,1,2
BRDA:84,4,0,0
BRDA:84,4,1,0
BRDA:88,5,0,0
BRDA:88,5,1,0
BRDA:89,6,0,0
BRDA:89,6,1,0
BRDA:101,7,0,1
BRDA:101,7,1,1
BRDA:101,7,2,1
BRDA:101,7,3,6
BRDA:101,7,4,17
BRDA:101,7,5,1
BRDA:101,7,6,1
BRDA:101,7,7,1
BRDA:101,7,8,2
BRDA:101,7,9,0
BRDA:127,8,0,2
BRDA:127,8,1,1
BRDA:128,9,0,1
BRDA:128,9,1,1
BRDA:128,10,0,2
BRDA:128,10,1,2
BRDA:131,11,0,0
BRDA:131,11,1,1
BRDA:131,12,0,1
BRDA:131,12,1,1
BRDA:138,13,0,1
BRDA:138,13,1,0
BRDA:138,14,0,1
BRDA:138,14,1,1
BRDA:213,15,0,1
BRDA:213,15,1,0
BRDA:217,16,0,1
BRDA:217,16,1,0
BRDA:219,17,0,1
BRDA:219,17,1,0
BRDA:231,18,0,0
BRDA:231,18,1,0
BRDA:240,19,0,2
BRDA:240,19,1,1
BRDA:244,20,0,2
BRDA:244,20,1,0
BRDA:248,21,0,1
BRDA:248,21,1,0
BRDA:248,22,0,1
BRDA:248,22,1,1
BRDA:275,23,0,17
BRDA:275,23,1,7
BRDA:281,24,0,24
BRDA:281,24,1,17
BRDA:281,25,0,41
BRDA:281,25,1,41
BRDA:361,26,0,0
BRDA:361,26,1,54
BRF:62
BRH:41
end_of_record
TN:
SF:src\shared\Dialog.tsx
FN:35,(anonymous_0)
FN:62,(anonymous_1)
FN:98,(anonymous_2)
FN:106,(anonymous_3)
FN:117,(anonymous_4)
FN:125,(anonymous_5)
FNF:6
FNH:3
FNDA:103,(anonymous_0)
FNDA:0,(anonymous_1)
FNDA:0,(anonymous_2)
FNDA:2,(anonymous_3)
FNDA:70,(anonymous_4)
FNDA:0,(anonymous_5)
DA:35,5
DA:50,103
DA:53,100
DA:62,0
DA:84,100
DA:86,100
DA:98,0
DA:106,2
DA:118,70
DA:125,0
LF:10
LH:7
BRDA:54,0,0,100
BRDA:54,0,1,25
BRDA:84,1,0,100
BRDA:84,1,1,24
BRDA:84,1,2,24
BRDA:88,2,0,25
BRDA:88,2,1,75
BRDA:101,3,0,75
BRDA:101,3,1,0
BRDA:114,4,0,75
BRDA:114,4,1,24
BRF:11
BRH:10
end_of_record
TN:
SF:src\shared\Input.tsx
FN:7,(anonymous_0)
FN:12,(anonymous_1)
FN:31,(anonymous_2)
FNF:3
FNH:3
FNDA:9,(anonymous_0)
FNDA:2,(anonymous_1)
FNDA:1,(anonymous_2)
DA:7,2
DA:8,9
DA:9,9
DA:10,9
DA:12,9
DA:13,2
DA:14,2
DA:15,1
DA:16,1
DA:18,1
DA:19,1
DA:20,1
DA:23,9
DA:31,1
LF:14
LH:14
BRDA:14,0,0,1
BRDA:14,0,1,1
BRDA:14,1,0,2
BRDA:14,1,1,1
BRDA:33,2,0,9
BRDA:33,2,1,1
BRF:6
BRH:6
end_of_record
TN:
SF:src\shared\SubTaskInput.tsx
FN:13,(anonymous_0)
FN:25,(anonymous_1)
FN:27,(anonymous_2)
FN:31,(anonymous_3)
FN:37,(anonymous_4)
FN:44,(anonymous_5)
FN:49,(anonymous_6)
FN:54,(anonymous_7)
FN:62,(anonymous_8)
FN:63,(anonymous_9)
FN:78,(anonymous_10)
FN:110,(anonymous_11)
FNF:12
FNH:10
FNDA:17,(anonymous_0)
FNDA:1,(anonymous_1)
FNDA:1,(anonymous_2)
FNDA:1,(anonymous_3)
FNDA:1,(anonymous_4)
FNDA:1,(anonymous_5)
FNDA:0,(anonymous_6)
FNDA:0,(anonymous_7)
FNDA:3,(anonymous_8)
FNDA:3,(anonymous_9)
FNDA:1,(anonymous_10)
FNDA:1,(anonymous_11)
DA:13,4
DA:14,17
DA:15,16
DA:16,16
DA:17,16
DA:18,16
DA:19,16
DA:20,16
DA:22,16
DA:23,16
DA:25,16
DA:26,1
DA:27,1
DA:28,1
DA:29,1
DA:31,16
DA:32,1
DA:33,1
DA:34,0
DA:36,1
DA:37,1
DA:38,1
DA:39,1
DA:40,1
DA:44,16
DA:45,1
DA:46,1
DA:49,16
DA:50,0
DA:51,0
DA:54,16
DA:55,0
DA:56,0
DA:57,0
DA:58,0
DA:59,0
DA:62,16
DA:63,3
DA:66,16
DA:78,1
DA:110,1
LF:41
LH:33
BRDA:33,0,0,0
BRDA:33,0,1,1
BRDA:69,1,0,16
BRDA:69,1,1,6
BRDA:71,2,0,6
BRDA:71,2,1,3
BRDA:91,3,0,6
BRDA:91,3,1,3
BRDA:96,4,0,3
BRDA:96,4,1,3
BRDA:98,5,0,6
BRDA:98,5,1,3
BRDA:105,6,0,6
BRDA:105,6,1,0
BRDA:119,7,0,6
BRDA:119,7,1,10
BRDA:122,8,0,16
BRDA:122,8,1,3
BRF:18
BRH:16
end_of_record
TN:
SF:src\shared\unused\EditTask.tsx
FNF:0
FNH:0
LF:0
LH:0
BRF:0
BRH:0
end_of_record
TN:
SF:src\shared\unused\Panel.tsx
FNF:0
FNH:0
LF:0
LH:0
BRF:0
BRH:0
end_of_record
TN:
SF:src\shared\unused\SubItemSq.tsx
FNF:0
FNH:0
LF:0
LH:0
BRF:0
BRH:0
end_of_record
