TN:
SF:src\App.tsx
FN:10,App
FN:14,(anonymous_1)
FN:34,(anonymous_2)
FNF:3
FNH:3
FNDA:1,App
FNDA:1,(anonymous_1)
FNDA:1,(anonymous_2)
DA:11,1
DA:12,1
DA:14,1
DA:15,1
DA:16,1
DA:17,1
DA:25,1
DA:34,1
LF:8
LH:8
BRDA:15,0,0,1
BRDA:15,0,1,0
BRDA:16,1,0,1
BRDA:16,1,1,0
BRDA:32,2,0,1
BRDA:32,2,1,0
BRDA:37,3,0,1
BRDA:37,3,1,0
BRF:8
BRH:4
end_of_record
TN:
SF:src\ai\AIUI.tsx
FNF:0
FNH:0
LF:0
LH:0
BRF:0
BRH:0
end_of_record
TN:
SF:src\components\TodoItem.tsx
FNF:0
FNH:0
DA:15,2
LF:1
LH:1
BRF:0
BRH:0
end_of_record
TN:
SF:src\components\TodoList.tsx
FNF:0
FNH:0
DA:5,1
LF:1
LH:1
BRF:0
BRH:0
end_of_record
TN:
SF:src\components\ztrash.jsx
FNF:0
FNH:0
LF:0
LH:0
BRF:0
BRH:0
end_of_record
TN:
SF:src\components\sub\SubTask.tsx
FN:11,(anonymous_0)
FN:22,(anonymous_1)
FN:28,(anonymous_2)
FN:39,(anonymous_3)
FNF:4
FNH:4
FNDA:5,(anonymous_0)
FNDA:2,(anonymous_1)
FNDA:4,(anonymous_2)
FNDA:2,(anonymous_3)
DA:11,3
DA:12,5
DA:13,4
DA:15,4
DA:22,4
DA:23,2
DA:26,4
DA:29,4
DA:39,2
LF:9
LH:9
BRDA:38,0,0,0
BRDA:38,0,1,4
BRDA:41,1,0,0
BRDA:41,1,1,4
BRF:4
BRH:2
end_of_record
TN:
SF:src\components\sub\SubTaskLowest.tsx
FN:12,(anonymous_0)
FN:24,(anonymous_1)
FN:38,(anonymous_2)
FNF:3
FNH:3
FNDA:7,(anonymous_0)
FNDA:2,(anonymous_1)
FNDA:2,(anonymous_2)
DA:12,5
DA:13,7
DA:15,7
DA:24,2
DA:38,2
LF:5
LH:5
BRDA:23,0,0,0
BRDA:23,0,1,7
BRDA:28,1,0,0
BRDA:28,1,1,7
BRF:4
BRH:2
end_of_record
TN:
SF:src\components\sub\SubTaskSq.tsx
FN:10,(anonymous_0)
FN:15,(anonymous_1)
FN:18,(anonymous_2)
FN:27,(anonymous_3)
FNF:4
FNH:4
FNDA:10,(anonymous_0)
FNDA:2,(anonymous_1)
FNDA:2,(anonymous_2)
FNDA:6,(anonymous_3)
DA:10,4
DA:11,10
DA:12,10
DA:15,10
DA:16,2
DA:18,10
DA:19,2
DA:20,2
DA:23,10
DA:28,6
LF:10
LH:10
BRDA:25,0,0,10
BRDA:25,0,1,6
BRF:2
BRH:2
end_of_record
TN:
SF:src\context\ThemeContext.js
FNF:0
FNH:0
LF:0
LH:0
BRF:0
BRH:0
end_of_record
TN:
SF:src\context\TodoContext.tsx
FN:267,(anonymous_0)
FN:273,(anonymous_1)
FN:280,(anonymous_2)
FN:286,(anonymous_3)
FN:312,(anonymous_4)
FN:324,(anonymous_5)
FN:342,(anonymous_6)
FNF:7
FNH:7
FNDA:42,(anonymous_0)
FNDA:16,(anonymous_1)
FNDA:42,(anonymous_2)
FNDA:1,(anonymous_3)
FNDA:6,(anonymous_4)
FNDA:1,(anonymous_5)
FNDA:2,(anonymous_6)
DA:37,8
DA:39,8
DA:42,8
DA:65,8
DA:97,8
DA:267,8
DA:270,42
DA:271,42
DA:273,42
DA:275,16
DA:276,16
DA:277,16
DA:280,42
DA:281,42
DA:282,26
DA:286,42
DA:288,1
DA:296,1
DA:298,1
DA:300,1
DA:302,42
DA:305,42
DA:312,42
DA:313,6
DA:317,42
DA:324,42
DA:325,1
DA:336,42
DA:342,42
DA:343,2
DA:344,2
DA:350,42
DA:369,8
LF:33
LH:33
BRDA:275,0,0,16
BRDA:275,0,1,7
BRDA:281,1,0,26
BRDA:281,1,1,16
BRDA:281,2,0,42
BRDA:281,2,1,42
BRF:6
BRH:6
end_of_record
TN:
SF:src\shared\Dialog.tsx
FNF:0
FNH:0
DA:36,5
LF:1
LH:1
BRF:0
BRH:0
end_of_record
TN:
SF:src\shared\Input.tsx
FN:7,(anonymous_0)
FN:11,(anonymous_1)
FN:21,(anonymous_2)
FN:38,(anonymous_3)
FNF:4
FNH:4
FNDA:8,(anonymous_0)
FNDA:2,(anonymous_1)
FNDA:1,(anonymous_2)
FNDA:1,(anonymous_3)
DA:7,2
DA:8,8
DA:9,8
DA:11,8
DA:12,2
DA:13,2
DA:14,1
DA:15,1
DA:17,1
DA:18,1
DA:20,8
DA:21,8
DA:22,1
DA:30,8
DA:38,1
LF:15
LH:15
BRDA:13,0,0,1
BRDA:13,0,1,1
BRDA:13,1,0,2
BRDA:13,1,1,1
BRF:4
BRH:4
end_of_record
TN:
SF:src\shared\SubTaskInput.tsx
FNF:0
FNH:0
DA:14,4
LF:1
LH:1
BRF:0
BRH:0
end_of_record
TN:
SF:src\shared\unused\EditTask.tsx
FNF:0
FNH:0
LF:0
LH:0
BRF:0
BRH:0
end_of_record
TN:
SF:src\shared\unused\Panel.tsx
FNF:0
FNH:0
LF:0
LH:0
BRF:0
BRH:0
end_of_record
TN:
SF:src\shared\unused\SubItemSq.tsx
FNF:0
FNH:0
LF:0
LH:0
BRF:0
BRH:0
end_of_record
